2023-05-28T17:50:38.300Z [Modules] Modules initializing
2023-05-28T17:50:38.301Z [Modules] Distribution: remote
2023-05-28T17:50:38.301Z [Modules] Host updates: enabled
2023-05-28T17:50:38.301Z [Modules] Module updates: enabled
2023-05-28T17:50:38.302Z [Modules] Module install path: /home/kbianco/.config/discord/0.0.27/modules
2023-05-28T17:50:38.302Z [Modules] Module installed file path: /home/kbianco/.config/discord/0.0.27/modules/installed.json
2023-05-28T17:50:38.302Z [Modules] Module download path: /home/kbianco/.config/discord/0.0.27/modules/pending
2023-05-28T17:50:38.594Z [Modules] Bootstrapping...
2023-05-28T17:50:38.597Z [Modules] Installing discord_desktop_core@0 from /opt/discord/resources/bootstrap/discord_desktop_core.zip
2023-05-28T17:50:38.600Z [Modules] Failed installing discord_desktop_core@0: Error: ENOENT: no such file or directory, open '/opt/discord/resources/bootstrap/discord_desktop_core.zip'
2023-05-28T17:50:38.602Z [Modules] Installing discord_erlpack@0 from /opt/discord/resources/bootstrap/discord_erlpack.zip
2023-05-28T17:50:38.603Z [Modules] Failed installing discord_erlpack@0: Error: ENOENT: no such file or directory, open '/opt/discord/resources/bootstrap/discord_erlpack.zip'
2023-05-28T17:50:38.604Z [Modules] Installing discord_spellcheck@0 from /opt/discord/resources/bootstrap/discord_spellcheck.zip
2023-05-28T17:50:38.605Z [Modules] Failed installing discord_spellcheck@0: Error: ENOENT: no such file or directory, open '/opt/discord/resources/bootstrap/discord_spellcheck.zip'
2023-05-28T17:50:38.606Z [Modules] Installing discord_utils@0 from /opt/discord/resources/bootstrap/discord_utils.zip
2023-05-28T17:50:38.607Z [Modules] Failed installing discord_utils@0: Error: ENOENT: no such file or directory, open '/opt/discord/resources/bootstrap/discord_utils.zip'
2023-05-28T17:50:38.607Z [Modules] Installing discord_voice@0 from /opt/discord/resources/bootstrap/discord_voice.zip
2023-05-28T17:50:38.608Z [Modules] Failed installing discord_voice@0: Error: ENOENT: no such file or directory, open '/opt/discord/resources/bootstrap/discord_voice.zip'
2023-05-28T17:50:38.609Z [Modules] Finished module installations. [success: 0] [failure: 5]
2023-05-28T17:50:38.609Z [Modules] Checking for host updates.
2023-05-28T17:50:38.908Z [Modules] Host is up to date.
2023-05-28T17:50:38.909Z [Modules] Checking for module updates at https://discord.com/api/modules/stable/versions.json
2023-05-28T17:50:39.002Z [Modules] Module update available: discord_desktop_core@1 [installed: 0]
2023-05-28T17:50:39.002Z [Modules] Module update available: discord_erlpack@1 [installed: 0]
2023-05-28T17:50:39.002Z [Modules] Module update available: discord_spellcheck@1 [installed: 0]
2023-05-28T17:50:39.002Z [Modules] Module update available: discord_utils@1 [installed: 0]
2023-05-28T17:50:39.003Z [Modules] Module update available: discord_voice@1 [installed: 0]
2023-05-28T17:50:39.003Z [Modules] Fetching discord_desktop_core@1 from https://discord.com/api/modules/stable/discord_desktop_core/1
2023-05-28T17:50:39.003Z [Modules] Streaming discord_desktop_core@1 to /home/kbianco/.config/discord/0.0.27/modules/pending/discord_desktop_core-1.zip
2023-05-28T17:50:39.330Z [Modules] Streaming discord_desktop_core@1 to /home/kbianco/.config/discord/0.0.27/modules/pending/discord_desktop_core-1.zip: 1%
2023-05-28T17:50:39.331Z [Modules] Streaming discord_desktop_core@1 to /home/kbianco/.config/discord/0.0.27/modules/pending/discord_desktop_core-1.zip: 2%
2023-05-28T17:50:39.334Z [Modules] Streaming discord_desktop_core@1 to /home/kbianco/.config/discord/0.0.27/modules/pending/discord_desktop_core-1.zip: 3%
2023-05-28T17:50:39.355Z [Modules] Streaming discord_desktop_core@1 to /home/kbianco/.config/discord/0.0.27/modules/pending/discord_desktop_core-1.zip: 4%
2023-05-28T17:50:39.360Z [Modules] Streaming discord_desktop_core@1 to /home/kbianco/.config/discord/0.0.27/modules/pending/discord_desktop_core-1.zip: 5%
2023-05-28T17:50:39.361Z [Modules] Streaming discord_desktop_core@1 to /home/kbianco/.config/discord/0.0.27/modules/pending/discord_desktop_core-1.zip: 6%
2023-05-28T17:50:39.366Z [Modules] Streaming discord_desktop_core@1 to /home/kbianco/.config/discord/0.0.27/modules/pending/discord_desktop_core-1.zip: 7%
2023-05-28T17:50:39.378Z [Modules] Streaming discord_desktop_core@1 to /home/kbianco/.config/discord/0.0.27/modules/pending/discord_desktop_core-1.zip: 8%
2023-05-28T17:50:39.382Z [Modules] Streaming discord_desktop_core@1 to /home/kbianco/.config/discord/0.0.27/modules/pending/discord_desktop_core-1.zip: 9%
2023-05-28T17:50:39.391Z [Modules] Streaming discord_desktop_core@1 to /home/kbianco/.config/discord/0.0.27/modules/pending/discord_desktop_core-1.zip: 12%
2023-05-28T17:50:39.395Z [Modules] Streaming discord_desktop_core@1 to /home/kbianco/.config/discord/0.0.27/modules/pending/discord_desktop_core-1.zip: 13%
2023-05-28T17:50:39.396Z [Modules] Streaming discord_desktop_core@1 to /home/kbianco/.config/discord/0.0.27/modules/pending/discord_desktop_core-1.zip: 14%
2023-05-28T17:50:39.402Z [Modules] Streaming discord_desktop_core@1 to /home/kbianco/.config/discord/0.0.27/modules/pending/discord_desktop_core-1.zip: 15%
2023-05-28T17:50:39.406Z [Modules] Streaming discord_desktop_core@1 to /home/kbianco/.config/discord/0.0.27/modules/pending/discord_desktop_core-1.zip: 18%
2023-05-28T17:50:39.409Z [Modules] Streaming discord_desktop_core@1 to /home/kbianco/.config/discord/0.0.27/modules/pending/discord_desktop_core-1.zip: 19%
2023-05-28T17:50:39.411Z [Modules] Streaming discord_desktop_core@1 to /home/kbianco/.config/discord/0.0.27/modules/pending/discord_desktop_core-1.zip: 20%
2023-05-28T17:50:39.415Z [Modules] Streaming discord_desktop_core@1 to /home/kbianco/.config/discord/0.0.27/modules/pending/discord_desktop_core-1.zip: 22%
2023-05-28T17:50:39.417Z [Modules] Streaming discord_desktop_core@1 to /home/kbianco/.config/discord/0.0.27/modules/pending/discord_desktop_core-1.zip: 23%
2023-05-28T17:50:39.420Z [Modules] Streaming discord_desktop_core@1 to /home/kbianco/.config/discord/0.0.27/modules/pending/discord_desktop_core-1.zip: 24%
2023-05-28T17:50:39.422Z [Modules] Streaming discord_desktop_core@1 to /home/kbianco/.config/discord/0.0.27/modules/pending/discord_desktop_core-1.zip: 25%
2023-05-28T17:50:39.425Z [Modules] Streaming discord_desktop_core@1 to /home/kbianco/.config/discord/0.0.27/modules/pending/discord_desktop_core-1.zip: 27%
2023-05-28T17:50:39.435Z [Modules] Streaming discord_desktop_core@1 to /home/kbianco/.config/discord/0.0.27/modules/pending/discord_desktop_core-1.zip: 29%
2023-05-28T17:50:39.437Z [Modules] Streaming discord_desktop_core@1 to /home/kbianco/.config/discord/0.0.27/modules/pending/discord_desktop_core-1.zip: 34%
2023-05-28T17:50:39.439Z [Modules] Streaming discord_desktop_core@1 to /home/kbianco/.config/discord/0.0.27/modules/pending/discord_desktop_core-1.zip: 36%
2023-05-28T17:50:39.442Z [Modules] Streaming discord_desktop_core@1 to /home/kbianco/.config/discord/0.0.27/modules/pending/discord_desktop_core-1.zip: 37%
2023-05-28T17:50:39.445Z [Modules] Streaming discord_desktop_core@1 to /home/kbianco/.config/discord/0.0.27/modules/pending/discord_desktop_core-1.zip: 40%
2023-05-28T17:50:39.446Z [Modules] Streaming discord_desktop_core@1 to /home/kbianco/.config/discord/0.0.27/modules/pending/discord_desktop_core-1.zip: 42%
2023-05-28T17:50:39.450Z [Modules] Streaming discord_desktop_core@1 to /home/kbianco/.config/discord/0.0.27/modules/pending/discord_desktop_core-1.zip: 45%
2023-05-28T17:50:39.453Z [Modules] Streaming discord_desktop_core@1 to /home/kbianco/.config/discord/0.0.27/modules/pending/discord_desktop_core-1.zip: 49%
2023-05-28T17:50:39.455Z [Modules] Streaming discord_desktop_core@1 to /home/kbianco/.config/discord/0.0.27/modules/pending/discord_desktop_core-1.zip: 54%
2023-05-28T17:50:39.462Z [Modules] Streaming discord_desktop_core@1 to /home/kbianco/.config/discord/0.0.27/modules/pending/discord_desktop_core-1.zip: 56%
2023-05-28T17:50:39.465Z [Modules] Streaming discord_desktop_core@1 to /home/kbianco/.config/discord/0.0.27/modules/pending/discord_desktop_core-1.zip: 60%
2023-05-28T17:50:39.473Z [Modules] Streaming discord_desktop_core@1 to /home/kbianco/.config/discord/0.0.27/modules/pending/discord_desktop_core-1.zip: 64%
2023-05-28T17:50:39.477Z [Modules] Streaming discord_desktop_core@1 to /home/kbianco/.config/discord/0.0.27/modules/pending/discord_desktop_core-1.zip: 66%
2023-05-28T17:50:39.479Z [Modules] Streaming discord_desktop_core@1 to /home/kbianco/.config/discord/0.0.27/modules/pending/discord_desktop_core-1.zip: 69%
2023-05-28T17:50:39.484Z [Modules] Streaming discord_desktop_core@1 to /home/kbianco/.config/discord/0.0.27/modules/pending/discord_desktop_core-1.zip: 72%
2023-05-28T17:50:39.486Z [Modules] Streaming discord_desktop_core@1 to /home/kbianco/.config/discord/0.0.27/modules/pending/discord_desktop_core-1.zip: 76%
2023-05-28T17:50:39.490Z [Modules] Streaming discord_desktop_core@1 to /home/kbianco/.config/discord/0.0.27/modules/pending/discord_desktop_core-1.zip: 78%
2023-05-28T17:50:39.492Z [Modules] Streaming discord_desktop_core@1 to /home/kbianco/.config/discord/0.0.27/modules/pending/discord_desktop_core-1.zip: 83%
2023-05-28T17:50:39.493Z [Modules] Streaming discord_desktop_core@1 to /home/kbianco/.config/discord/0.0.27/modules/pending/discord_desktop_core-1.zip: 85%
2023-05-28T17:50:39.497Z [Modules] Streaming discord_desktop_core@1 to /home/kbianco/.config/discord/0.0.27/modules/pending/discord_desktop_core-1.zip: 89%
2023-05-28T17:50:39.498Z [Modules] Streaming discord_desktop_core@1 to /home/kbianco/.config/discord/0.0.27/modules/pending/discord_desktop_core-1.zip: 90%
2023-05-28T17:50:39.499Z [Modules] Streaming discord_desktop_core@1 to /home/kbianco/.config/discord/0.0.27/modules/pending/discord_desktop_core-1.zip: 94%
2023-05-28T17:50:39.504Z [Modules] Streaming discord_desktop_core@1 to /home/kbianco/.config/discord/0.0.27/modules/pending/discord_desktop_core-1.zip: 98%
2023-05-28T17:50:39.506Z [Modules] Streaming discord_desktop_core@1 to /home/kbianco/.config/discord/0.0.27/modules/pending/discord_desktop_core-1.zip: 100%
2023-05-28T17:50:39.508Z [Modules] Fetching discord_erlpack@1 from https://discord.com/api/modules/stable/discord_erlpack/1
2023-05-28T17:50:39.508Z [Modules] Streaming discord_erlpack@1 to /home/kbianco/.config/discord/0.0.27/modules/pending/discord_erlpack-1.zip
2023-05-28T17:50:39.741Z [Modules] Streaming discord_erlpack@1 to /home/kbianco/.config/discord/0.0.27/modules/pending/discord_erlpack-1.zip: 2%
2023-05-28T17:50:39.810Z [Modules] Streaming discord_erlpack@1 to /home/kbianco/.config/discord/0.0.27/modules/pending/discord_erlpack-1.zip: 6%
2023-05-28T17:50:39.811Z [Modules] Streaming discord_erlpack@1 to /home/kbianco/.config/discord/0.0.27/modules/pending/discord_erlpack-1.zip: 8%
2023-05-28T17:50:39.814Z [Modules] Streaming discord_erlpack@1 to /home/kbianco/.config/discord/0.0.27/modules/pending/discord_erlpack-1.zip: 9%
2023-05-28T17:50:39.820Z [Modules] Streaming discord_erlpack@1 to /home/kbianco/.config/discord/0.0.27/modules/pending/discord_erlpack-1.zip: 12%
2023-05-28T17:50:39.821Z [Modules] Streaming discord_erlpack@1 to /home/kbianco/.config/discord/0.0.27/modules/pending/discord_erlpack-1.zip: 16%
2023-05-28T17:50:39.823Z [Modules] Streaming discord_erlpack@1 to /home/kbianco/.config/discord/0.0.27/modules/pending/discord_erlpack-1.zip: 18%
2023-05-28T17:50:39.829Z [Modules] Streaming discord_erlpack@1 to /home/kbianco/.config/discord/0.0.27/modules/pending/discord_erlpack-1.zip: 22%
2023-05-28T17:50:39.832Z [Modules] Streaming discord_erlpack@1 to /home/kbianco/.config/discord/0.0.27/modules/pending/discord_erlpack-1.zip: 25%
2023-05-28T17:50:39.837Z [Modules] Streaming discord_erlpack@1 to /home/kbianco/.config/discord/0.0.27/modules/pending/discord_erlpack-1.zip: 28%
2023-05-28T17:50:39.841Z [Modules] Streaming discord_erlpack@1 to /home/kbianco/.config/discord/0.0.27/modules/pending/discord_erlpack-1.zip: 32%
2023-05-28T17:50:39.842Z [Modules] Streaming discord_erlpack@1 to /home/kbianco/.config/discord/0.0.27/modules/pending/discord_erlpack-1.zip: 33%
2023-05-28T17:50:39.847Z [Modules] Streaming discord_erlpack@1 to /home/kbianco/.config/discord/0.0.27/modules/pending/discord_erlpack-1.zip: 37%
2023-05-28T17:50:39.850Z [Modules] Streaming discord_erlpack@1 to /home/kbianco/.config/discord/0.0.27/modules/pending/discord_erlpack-1.zip: 41%
2023-05-28T17:50:39.854Z [Modules] Streaming discord_erlpack@1 to /home/kbianco/.config/discord/0.0.27/modules/pending/discord_erlpack-1.zip: 42%
2023-05-28T17:50:39.855Z [Modules] Streaming discord_erlpack@1 to /home/kbianco/.config/discord/0.0.27/modules/pending/discord_erlpack-1.zip: 46%
2023-05-28T17:50:39.856Z [Modules] Streaming discord_erlpack@1 to /home/kbianco/.config/discord/0.0.27/modules/pending/discord_erlpack-1.zip: 48%
2023-05-28T17:50:39.860Z [Modules] Streaming discord_erlpack@1 to /home/kbianco/.config/discord/0.0.27/modules/pending/discord_erlpack-1.zip: 49%
2023-05-28T17:50:39.861Z [Modules] Streaming discord_erlpack@1 to /home/kbianco/.config/discord/0.0.27/modules/pending/discord_erlpack-1.zip: 53%
2023-05-28T17:50:39.865Z [Modules] Streaming discord_erlpack@1 to /home/kbianco/.config/discord/0.0.27/modules/pending/discord_erlpack-1.zip: 56%
2023-05-28T17:50:39.869Z [Modules] Streaming discord_erlpack@1 to /home/kbianco/.config/discord/0.0.27/modules/pending/discord_erlpack-1.zip: 58%
2023-05-28T17:50:39.870Z [Modules] Streaming discord_erlpack@1 to /home/kbianco/.config/discord/0.0.27/modules/pending/discord_erlpack-1.zip: 64%
2023-05-28T17:50:39.872Z [Modules] Streaming discord_erlpack@1 to /home/kbianco/.config/discord/0.0.27/modules/pending/discord_erlpack-1.zip: 65%
2023-05-28T17:50:39.875Z [Modules] Streaming discord_erlpack@1 to /home/kbianco/.config/discord/0.0.27/modules/pending/discord_erlpack-1.zip: 69%
2023-05-28T17:50:39.876Z [Modules] Streaming discord_erlpack@1 to /home/kbianco/.config/discord/0.0.27/modules/pending/discord_erlpack-1.zip: 71%
2023-05-28T17:50:39.889Z [Modules] Streaming discord_erlpack@1 to /home/kbianco/.config/discord/0.0.27/modules/pending/discord_erlpack-1.zip: 75%
2023-05-28T17:50:39.898Z [Modules] Streaming discord_erlpack@1 to /home/kbianco/.config/discord/0.0.27/modules/pending/discord_erlpack-1.zip: 78%
2023-05-28T17:50:39.900Z [Modules] Streaming discord_erlpack@1 to /home/kbianco/.config/discord/0.0.27/modules/pending/discord_erlpack-1.zip: 80%
2023-05-28T17:50:39.903Z [Modules] Streaming discord_erlpack@1 to /home/kbianco/.config/discord/0.0.27/modules/pending/discord_erlpack-1.zip: 83%
2023-05-28T17:50:39.905Z [Modules] Streaming discord_erlpack@1 to /home/kbianco/.config/discord/0.0.27/modules/pending/discord_erlpack-1.zip: 87%
2023-05-28T17:50:39.908Z [Modules] Streaming discord_erlpack@1 to /home/kbianco/.config/discord/0.0.27/modules/pending/discord_erlpack-1.zip: 90%
2023-05-28T17:50:39.911Z [Modules] Streaming discord_erlpack@1 to /home/kbianco/.config/discord/0.0.27/modules/pending/discord_erlpack-1.zip: 93%
2023-05-28T17:50:39.913Z [Modules] Streaming discord_erlpack@1 to /home/kbianco/.config/discord/0.0.27/modules/pending/discord_erlpack-1.zip: 97%
2023-05-28T17:50:39.916Z [Modules] Streaming discord_erlpack@1 to /home/kbianco/.config/discord/0.0.27/modules/pending/discord_erlpack-1.zip: 100%
2023-05-28T17:50:39.919Z [Modules] Fetching discord_spellcheck@1 from https://discord.com/api/modules/stable/discord_spellcheck/1
2023-05-28T17:50:39.919Z [Modules] Streaming discord_spellcheck@1 to /home/kbianco/.config/discord/0.0.27/modules/pending/discord_spellcheck-1.zip
2023-05-28T17:50:40.145Z [Modules] Streaming discord_spellcheck@1 to /home/kbianco/.config/discord/0.0.27/modules/pending/discord_spellcheck-1.zip: 1%
2023-05-28T17:50:40.152Z [Modules] Streaming discord_spellcheck@1 to /home/kbianco/.config/discord/0.0.27/modules/pending/discord_spellcheck-1.zip: 2%
2023-05-28T17:50:40.155Z [Modules] Streaming discord_spellcheck@1 to /home/kbianco/.config/discord/0.0.27/modules/pending/discord_spellcheck-1.zip: 3%
2023-05-28T17:50:40.160Z [Modules] Streaming discord_spellcheck@1 to /home/kbianco/.config/discord/0.0.27/modules/pending/discord_spellcheck-1.zip: 4%
2023-05-28T17:50:40.167Z [Modules] Streaming discord_spellcheck@1 to /home/kbianco/.config/discord/0.0.27/modules/pending/discord_spellcheck-1.zip: 5%
2023-05-28T17:50:40.172Z [Modules] Streaming discord_spellcheck@1 to /home/kbianco/.config/discord/0.0.27/modules/pending/discord_spellcheck-1.zip: 6%
2023-05-28T17:50:40.175Z [Modules] Streaming discord_spellcheck@1 to /home/kbianco/.config/discord/0.0.27/modules/pending/discord_spellcheck-1.zip: 7%
2023-05-28T17:50:40.180Z [Modules] Streaming discord_spellcheck@1 to /home/kbianco/.config/discord/0.0.27/modules/pending/discord_spellcheck-1.zip: 8%
2023-05-28T17:50:40.187Z [Modules] Streaming discord_spellcheck@1 to /home/kbianco/.config/discord/0.0.27/modules/pending/discord_spellcheck-1.zip: 9%
2023-05-28T17:50:40.189Z [Modules] Streaming discord_spellcheck@1 to /home/kbianco/.config/discord/0.0.27/modules/pending/discord_spellcheck-1.zip: 10%
2023-05-28T17:50:40.192Z [Modules] Streaming discord_spellcheck@1 to /home/kbianco/.config/discord/0.0.27/modules/pending/discord_spellcheck-1.zip: 11%
2023-05-28T17:50:40.197Z [Modules] Streaming discord_spellcheck@1 to /home/kbianco/.config/discord/0.0.27/modules/pending/discord_spellcheck-1.zip: 12%
2023-05-28T17:50:40.201Z [Modules] Streaming discord_spellcheck@1 to /home/kbianco/.config/discord/0.0.27/modules/pending/discord_spellcheck-1.zip: 13%
2023-05-28T17:50:40.207Z [Modules] Streaming discord_spellcheck@1 to /home/kbianco/.config/discord/0.0.27/modules/pending/discord_spellcheck-1.zip: 14%
2023-05-28T17:50:40.210Z [Modules] Streaming discord_spellcheck@1 to /home/kbianco/.config/discord/0.0.27/modules/pending/discord_spellcheck-1.zip: 15%
2023-05-28T17:50:40.216Z [Modules] Streaming discord_spellcheck@1 to /home/kbianco/.config/discord/0.0.27/modules/pending/discord_spellcheck-1.zip: 16%
2023-05-28T17:50:40.222Z [Modules] Streaming discord_spellcheck@1 to /home/kbianco/.config/discord/0.0.27/modules/pending/discord_spellcheck-1.zip: 17%
2023-05-28T17:50:40.225Z [Modules] Streaming discord_spellcheck@1 to /home/kbianco/.config/discord/0.0.27/modules/pending/discord_spellcheck-1.zip: 18%
2023-05-28T17:50:40.234Z [Modules] Streaming discord_spellcheck@1 to /home/kbianco/.config/discord/0.0.27/modules/pending/discord_spellcheck-1.zip: 19%
2023-05-28T17:50:40.238Z [Modules] Streaming discord_spellcheck@1 to /home/kbianco/.config/discord/0.0.27/modules/pending/discord_spellcheck-1.zip: 20%
2023-05-28T17:50:40.253Z [Modules] Streaming discord_spellcheck@1 to /home/kbianco/.config/discord/0.0.27/modules/pending/discord_spellcheck-1.zip: 21%
2023-05-28T17:50:40.256Z [Modules] Streaming discord_spellcheck@1 to /home/kbianco/.config/discord/0.0.27/modules/pending/discord_spellcheck-1.zip: 22%
2023-05-28T17:50:40.261Z [Modules] Streaming discord_spellcheck@1 to /home/kbianco/.config/discord/0.0.27/modules/pending/discord_spellcheck-1.zip: 23%
2023-05-28T17:50:40.269Z [Modules] Streaming discord_spellcheck@1 to /home/kbianco/.config/discord/0.0.27/modules/pending/discord_spellcheck-1.zip: 24%
2023-05-28T17:50:40.273Z [Modules] Streaming discord_spellcheck@1 to /home/kbianco/.config/discord/0.0.27/modules/pending/discord_spellcheck-1.zip: 25%
2023-05-28T17:50:40.275Z [Modules] Streaming discord_spellcheck@1 to /home/kbianco/.config/discord/0.0.27/modules/pending/discord_spellcheck-1.zip: 26%
2023-05-28T17:50:40.282Z [Modules] Streaming discord_spellcheck@1 to /home/kbianco/.config/discord/0.0.27/modules/pending/discord_spellcheck-1.zip: 27%
2023-05-28T17:50:40.291Z [Modules] Streaming discord_spellcheck@1 to /home/kbianco/.config/discord/0.0.27/modules/pending/discord_spellcheck-1.zip: 28%
2023-05-28T17:50:40.296Z [Modules] Streaming discord_spellcheck@1 to /home/kbianco/.config/discord/0.0.27/modules/pending/discord_spellcheck-1.zip: 29%
2023-05-28T17:50:40.300Z [Modules] Streaming discord_spellcheck@1 to /home/kbianco/.config/discord/0.0.27/modules/pending/discord_spellcheck-1.zip: 30%
2023-05-28T17:50:40.307Z [Modules] Streaming discord_spellcheck@1 to /home/kbianco/.config/discord/0.0.27/modules/pending/discord_spellcheck-1.zip: 31%
2023-05-28T17:50:40.313Z [Modules] Streaming discord_spellcheck@1 to /home/kbianco/.config/discord/0.0.27/modules/pending/discord_spellcheck-1.zip: 32%
2023-05-28T17:50:40.322Z [Modules] Streaming discord_spellcheck@1 to /home/kbianco/.config/discord/0.0.27/modules/pending/discord_spellcheck-1.zip: 33%
2023-05-28T17:50:40.329Z [Modules] Streaming discord_spellcheck@1 to /home/kbianco/.config/discord/0.0.27/modules/pending/discord_spellcheck-1.zip: 34%
2023-05-28T17:50:40.332Z [Modules] Streaming discord_spellcheck@1 to /home/kbianco/.config/discord/0.0.27/modules/pending/discord_spellcheck-1.zip: 35%
2023-05-28T17:50:40.340Z [Modules] Streaming discord_spellcheck@1 to /home/kbianco/.config/discord/0.0.27/modules/pending/discord_spellcheck-1.zip: 36%
2023-05-28T17:50:40.345Z [Modules] Streaming discord_spellcheck@1 to /home/kbianco/.config/discord/0.0.27/modules/pending/discord_spellcheck-1.zip: 37%
2023-05-28T17:50:40.357Z [Modules] Streaming discord_spellcheck@1 to /home/kbianco/.config/discord/0.0.27/modules/pending/discord_spellcheck-1.zip: 38%
2023-05-28T17:50:40.360Z [Modules] Streaming discord_spellcheck@1 to /home/kbianco/.config/discord/0.0.27/modules/pending/discord_spellcheck-1.zip: 39%
2023-05-28T17:50:40.365Z [Modules] Streaming discord_spellcheck@1 to /home/kbianco/.config/discord/0.0.27/modules/pending/discord_spellcheck-1.zip: 40%
2023-05-28T17:50:40.373Z [Modules] Streaming discord_spellcheck@1 to /home/kbianco/.config/discord/0.0.27/modules/pending/discord_spellcheck-1.zip: 41%
2023-05-28T17:50:40.376Z [Modules] Streaming discord_spellcheck@1 to /home/kbianco/.config/discord/0.0.27/modules/pending/discord_spellcheck-1.zip: 42%
2023-05-28T17:50:40.385Z [Modules] Streaming discord_spellcheck@1 to /home/kbianco/.config/discord/0.0.27/modules/pending/discord_spellcheck-1.zip: 43%
2023-05-28T17:50:40.391Z [Modules] Streaming discord_spellcheck@1 to /home/kbianco/.config/discord/0.0.27/modules/pending/discord_spellcheck-1.zip: 44%
2023-05-28T17:50:40.396Z [Modules] Streaming discord_spellcheck@1 to /home/kbianco/.config/discord/0.0.27/modules/pending/discord_spellcheck-1.zip: 45%
2023-05-28T17:50:40.403Z [Modules] Streaming discord_spellcheck@1 to /home/kbianco/.config/discord/0.0.27/modules/pending/discord_spellcheck-1.zip: 46%
2023-05-28T17:50:40.409Z [Modules] Streaming discord_spellcheck@1 to /home/kbianco/.config/discord/0.0.27/modules/pending/discord_spellcheck-1.zip: 47%
2023-05-28T17:50:40.416Z [Modules] Streaming discord_spellcheck@1 to /home/kbianco/.config/discord/0.0.27/modules/pending/discord_spellcheck-1.zip: 48%
2023-05-28T17:50:40.420Z [Modules] Streaming discord_spellcheck@1 to /home/kbianco/.config/discord/0.0.27/modules/pending/discord_spellcheck-1.zip: 49%
2023-05-28T17:50:40.427Z [Modules] Streaming discord_spellcheck@1 to /home/kbianco/.config/discord/0.0.27/modules/pending/discord_spellcheck-1.zip: 50%
2023-05-28T17:50:40.430Z [Modules] Streaming discord_spellcheck@1 to /home/kbianco/.config/discord/0.0.27/modules/pending/discord_spellcheck-1.zip: 51%
2023-05-28T17:50:40.440Z [Modules] Streaming discord_spellcheck@1 to /home/kbianco/.config/discord/0.0.27/modules/pending/discord_spellcheck-1.zip: 52%
2023-05-28T17:50:40.444Z [Modules] Streaming discord_spellcheck@1 to /home/kbianco/.config/discord/0.0.27/modules/pending/discord_spellcheck-1.zip: 53%
2023-05-28T17:50:40.452Z [Modules] Streaming discord_spellcheck@1 to /home/kbianco/.config/discord/0.0.27/modules/pending/discord_spellcheck-1.zip: 54%
2023-05-28T17:50:40.463Z [Modules] Streaming discord_spellcheck@1 to /home/kbianco/.config/discord/0.0.27/modules/pending/discord_spellcheck-1.zip: 55%
2023-05-28T17:50:40.467Z [Modules] Streaming discord_spellcheck@1 to /home/kbianco/.config/discord/0.0.27/modules/pending/discord_spellcheck-1.zip: 56%
2023-05-28T17:50:40.474Z [Modules] Streaming discord_spellcheck@1 to /home/kbianco/.config/discord/0.0.27/modules/pending/discord_spellcheck-1.zip: 57%
2023-05-28T17:50:40.479Z [Modules] Streaming discord_spellcheck@1 to /home/kbianco/.config/discord/0.0.27/modules/pending/discord_spellcheck-1.zip: 58%
2023-05-28T17:50:40.486Z [Modules] Streaming discord_spellcheck@1 to /home/kbianco/.config/discord/0.0.27/modules/pending/discord_spellcheck-1.zip: 59%
2023-05-28T17:50:40.495Z [Modules] Streaming discord_spellcheck@1 to /home/kbianco/.config/discord/0.0.27/modules/pending/discord_spellcheck-1.zip: 60%
2023-05-28T17:50:40.497Z [Modules] Streaming discord_spellcheck@1 to /home/kbianco/.config/discord/0.0.27/modules/pending/discord_spellcheck-1.zip: 61%
2023-05-28T17:50:40.503Z [Modules] Streaming discord_spellcheck@1 to /home/kbianco/.config/discord/0.0.27/modules/pending/discord_spellcheck-1.zip: 62%
2023-05-28T17:50:40.512Z [Modules] Streaming discord_spellcheck@1 to /home/kbianco/.config/discord/0.0.27/modules/pending/discord_spellcheck-1.zip: 63%
2023-05-28T17:50:40.519Z [Modules] Streaming discord_spellcheck@1 to /home/kbianco/.config/discord/0.0.27/modules/pending/discord_spellcheck-1.zip: 64%
2023-05-28T17:50:40.526Z [Modules] Streaming discord_spellcheck@1 to /home/kbianco/.config/discord/0.0.27/modules/pending/discord_spellcheck-1.zip: 65%
2023-05-28T17:50:40.530Z [Modules] Streaming discord_spellcheck@1 to /home/kbianco/.config/discord/0.0.27/modules/pending/discord_spellcheck-1.zip: 66%
2023-05-28T17:50:40.538Z [Modules] Streaming discord_spellcheck@1 to /home/kbianco/.config/discord/0.0.27/modules/pending/discord_spellcheck-1.zip: 67%
2023-05-28T17:50:40.545Z [Modules] Streaming discord_spellcheck@1 to /home/kbianco/.config/discord/0.0.27/modules/pending/discord_spellcheck-1.zip: 68%
2023-05-28T17:50:40.555Z [Modules] Streaming discord_spellcheck@1 to /home/kbianco/.config/discord/0.0.27/modules/pending/discord_spellcheck-1.zip: 69%
2023-05-28T17:50:40.562Z [Modules] Streaming discord_spellcheck@1 to /home/kbianco/.config/discord/0.0.27/modules/pending/discord_spellcheck-1.zip: 70%
2023-05-28T17:50:40.569Z [Modules] Streaming discord_spellcheck@1 to /home/kbianco/.config/discord/0.0.27/modules/pending/discord_spellcheck-1.zip: 71%
2023-05-28T17:50:40.577Z [Modules] Streaming discord_spellcheck@1 to /home/kbianco/.config/discord/0.0.27/modules/pending/discord_spellcheck-1.zip: 72%
2023-05-28T17:50:40.582Z [Modules] Streaming discord_spellcheck@1 to /home/kbianco/.config/discord/0.0.27/modules/pending/discord_spellcheck-1.zip: 73%
2023-05-28T17:50:40.588Z [Modules] Streaming discord_spellcheck@1 to /home/kbianco/.config/discord/0.0.27/modules/pending/discord_spellcheck-1.zip: 74%
2023-05-28T17:50:40.598Z [Modules] Streaming discord_spellcheck@1 to /home/kbianco/.config/discord/0.0.27/modules/pending/discord_spellcheck-1.zip: 75%
2023-05-28T17:50:40.607Z [Modules] Streaming discord_spellcheck@1 to /home/kbianco/.config/discord/0.0.27/modules/pending/discord_spellcheck-1.zip: 76%
2023-05-28T17:50:40.618Z [Modules] Streaming discord_spellcheck@1 to /home/kbianco/.config/discord/0.0.27/modules/pending/discord_spellcheck-1.zip: 77%
2023-05-28T17:50:40.622Z [Modules] Streaming discord_spellcheck@1 to /home/kbianco/.config/discord/0.0.27/modules/pending/discord_spellcheck-1.zip: 78%
2023-05-28T17:50:40.633Z [Modules] Streaming discord_spellcheck@1 to /home/kbianco/.config/discord/0.0.27/modules/pending/discord_spellcheck-1.zip: 79%
2023-05-28T17:50:40.637Z [Modules] Streaming discord_spellcheck@1 to /home/kbianco/.config/discord/0.0.27/modules/pending/discord_spellcheck-1.zip: 80%
2023-05-28T17:50:40.645Z [Modules] Streaming discord_spellcheck@1 to /home/kbianco/.config/discord/0.0.27/modules/pending/discord_spellcheck-1.zip: 81%
2023-05-28T17:50:40.652Z [Modules] Streaming discord_spellcheck@1 to /home/kbianco/.config/discord/0.0.27/modules/pending/discord_spellcheck-1.zip: 82%
2023-05-28T17:50:40.663Z [Modules] Streaming discord_spellcheck@1 to /home/kbianco/.config/discord/0.0.27/modules/pending/discord_spellcheck-1.zip: 83%
2023-05-28T17:50:40.668Z [Modules] Streaming discord_spellcheck@1 to /home/kbianco/.config/discord/0.0.27/modules/pending/discord_spellcheck-1.zip: 84%
2023-05-28T17:50:40.672Z [Modules] Streaming discord_spellcheck@1 to /home/kbianco/.config/discord/0.0.27/modules/pending/discord_spellcheck-1.zip: 85%
2023-05-28T17:50:40.680Z [Modules] Streaming discord_spellcheck@1 to /home/kbianco/.config/discord/0.0.27/modules/pending/discord_spellcheck-1.zip: 86%
2023-05-28T17:50:40.683Z [Modules] Streaming discord_spellcheck@1 to /home/kbianco/.config/discord/0.0.27/modules/pending/discord_spellcheck-1.zip: 87%
2023-05-28T17:50:40.689Z [Modules] Streaming discord_spellcheck@1 to /home/kbianco/.config/discord/0.0.27/modules/pending/discord_spellcheck-1.zip: 88%
2023-05-28T17:50:40.700Z [Modules] Streaming discord_spellcheck@1 to /home/kbianco/.config/discord/0.0.27/modules/pending/discord_spellcheck-1.zip: 89%
2023-05-28T17:50:40.702Z [Modules] Streaming discord_spellcheck@1 to /home/kbianco/.config/discord/0.0.27/modules/pending/discord_spellcheck-1.zip: 90%
2023-05-28T17:50:40.708Z [Modules] Streaming discord_spellcheck@1 to /home/kbianco/.config/discord/0.0.27/modules/pending/discord_spellcheck-1.zip: 91%
2023-05-28T17:50:40.719Z [Modules] Streaming discord_spellcheck@1 to /home/kbianco/.config/discord/0.0.27/modules/pending/discord_spellcheck-1.zip: 92%
2023-05-28T17:50:40.721Z [Modules] Streaming discord_spellcheck@1 to /home/kbianco/.config/discord/0.0.27/modules/pending/discord_spellcheck-1.zip: 93%
2023-05-28T17:50:40.727Z [Modules] Streaming discord_spellcheck@1 to /home/kbianco/.config/discord/0.0.27/modules/pending/discord_spellcheck-1.zip: 94%
2023-05-28T17:50:40.731Z [Modules] Streaming discord_spellcheck@1 to /home/kbianco/.config/discord/0.0.27/modules/pending/discord_spellcheck-1.zip: 95%
2023-05-28T17:50:40.738Z [Modules] Streaming discord_spellcheck@1 to /home/kbianco/.config/discord/0.0.27/modules/pending/discord_spellcheck-1.zip: 96%
2023-05-28T17:50:40.747Z [Modules] Streaming discord_spellcheck@1 to /home/kbianco/.config/discord/0.0.27/modules/pending/discord_spellcheck-1.zip: 97%
2023-05-28T17:50:40.755Z [Modules] Streaming discord_spellcheck@1 to /home/kbianco/.config/discord/0.0.27/modules/pending/discord_spellcheck-1.zip: 98%
2023-05-28T17:50:40.765Z [Modules] Streaming discord_spellcheck@1 to /home/kbianco/.config/discord/0.0.27/modules/pending/discord_spellcheck-1.zip: 99%
2023-05-28T17:50:40.770Z [Modules] Streaming discord_spellcheck@1 to /home/kbianco/.config/discord/0.0.27/modules/pending/discord_spellcheck-1.zip: 100%
2023-05-28T17:50:40.772Z [Modules] Fetching discord_utils@1 from https://discord.com/api/modules/stable/discord_utils/1
2023-05-28T17:50:40.773Z [Modules] Streaming discord_utils@1 to /home/kbianco/.config/discord/0.0.27/modules/pending/discord_utils-1.zip
2023-05-28T17:50:41.016Z [Modules] Streaming discord_utils@1 to /home/kbianco/.config/discord/0.0.27/modules/pending/discord_utils-1.zip: 2%
2023-05-28T17:50:41.019Z [Modules] Streaming discord_utils@1 to /home/kbianco/.config/discord/0.0.27/modules/pending/discord_utils-1.zip: 3%
2023-05-28T17:50:41.022Z [Modules] Streaming discord_utils@1 to /home/kbianco/.config/discord/0.0.27/modules/pending/discord_utils-1.zip: 4%
2023-05-28T17:50:41.024Z [Modules] Streaming discord_utils@1 to /home/kbianco/.config/discord/0.0.27/modules/pending/discord_utils-1.zip: 5%
2023-05-28T17:50:41.026Z [Modules] Streaming discord_utils@1 to /home/kbianco/.config/discord/0.0.27/modules/pending/discord_utils-1.zip: 6%
2023-05-28T17:50:41.029Z [Modules] Streaming discord_utils@1 to /home/kbianco/.config/discord/0.0.27/modules/pending/discord_utils-1.zip: 8%
2023-05-28T17:50:41.032Z [Modules] Streaming discord_utils@1 to /home/kbianco/.config/discord/0.0.27/modules/pending/discord_utils-1.zip: 9%
2023-05-28T17:50:41.034Z [Modules] Streaming discord_utils@1 to /home/kbianco/.config/discord/0.0.27/modules/pending/discord_utils-1.zip: 10%
2023-05-28T17:50:41.037Z [Modules] Streaming discord_utils@1 to /home/kbianco/.config/discord/0.0.27/modules/pending/discord_utils-1.zip: 12%
2023-05-28T17:50:41.040Z [Modules] Streaming discord_utils@1 to /home/kbianco/.config/discord/0.0.27/modules/pending/discord_utils-1.zip: 15%
2023-05-28T17:50:41.047Z [Modules] Streaming discord_utils@1 to /home/kbianco/.config/discord/0.0.27/modules/pending/discord_utils-1.zip: 17%
2023-05-28T17:50:41.049Z [Modules] Streaming discord_utils@1 to /home/kbianco/.config/discord/0.0.27/modules/pending/discord_utils-1.zip: 19%
2023-05-28T17:50:41.053Z [Modules] Streaming discord_utils@1 to /home/kbianco/.config/discord/0.0.27/modules/pending/discord_utils-1.zip: 20%
2023-05-28T17:50:41.056Z [Modules] Streaming discord_utils@1 to /home/kbianco/.config/discord/0.0.27/modules/pending/discord_utils-1.zip: 22%
2023-05-28T17:50:41.058Z [Modules] Streaming discord_utils@1 to /home/kbianco/.config/discord/0.0.27/modules/pending/discord_utils-1.zip: 23%
2023-05-28T17:50:41.060Z [Modules] Streaming discord_utils@1 to /home/kbianco/.config/discord/0.0.27/modules/pending/discord_utils-1.zip: 24%
2023-05-28T17:50:41.065Z [Modules] Streaming discord_utils@1 to /home/kbianco/.config/discord/0.0.27/modules/pending/discord_utils-1.zip: 25%
2023-05-28T17:50:41.075Z [Modules] Streaming discord_utils@1 to /home/kbianco/.config/discord/0.0.27/modules/pending/discord_utils-1.zip: 27%
2023-05-28T17:50:41.076Z [Modules] Streaming discord_utils@1 to /home/kbianco/.config/discord/0.0.27/modules/pending/discord_utils-1.zip: 28%
2023-05-28T17:50:41.082Z [Modules] Streaming discord_utils@1 to /home/kbianco/.config/discord/0.0.27/modules/pending/discord_utils-1.zip: 30%
2023-05-28T17:50:41.083Z [Modules] Streaming discord_utils@1 to /home/kbianco/.config/discord/0.0.27/modules/pending/discord_utils-1.zip: 31%
2023-05-28T17:50:41.091Z [Modules] Streaming discord_utils@1 to /home/kbianco/.config/discord/0.0.27/modules/pending/discord_utils-1.zip: 33%
2023-05-28T17:50:41.091Z [Modules] Streaming discord_utils@1 to /home/kbianco/.config/discord/0.0.27/modules/pending/discord_utils-1.zip: 34%
2023-05-28T17:50:41.094Z [Modules] Streaming discord_utils@1 to /home/kbianco/.config/discord/0.0.27/modules/pending/discord_utils-1.zip: 35%
2023-05-28T17:50:41.095Z [Modules] Streaming discord_utils@1 to /home/kbianco/.config/discord/0.0.27/modules/pending/discord_utils-1.zip: 37%
2023-05-28T17:50:41.098Z [Modules] Streaming discord_utils@1 to /home/kbianco/.config/discord/0.0.27/modules/pending/discord_utils-1.zip: 38%
2023-05-28T17:50:41.101Z [Modules] Streaming discord_utils@1 to /home/kbianco/.config/discord/0.0.27/modules/pending/discord_utils-1.zip: 40%
2023-05-28T17:50:41.104Z [Modules] Streaming discord_utils@1 to /home/kbianco/.config/discord/0.0.27/modules/pending/discord_utils-1.zip: 41%
2023-05-28T17:50:41.106Z [Modules] Streaming discord_utils@1 to /home/kbianco/.config/discord/0.0.27/modules/pending/discord_utils-1.zip: 43%
2023-05-28T17:50:41.112Z [Modules] Streaming discord_utils@1 to /home/kbianco/.config/discord/0.0.27/modules/pending/discord_utils-1.zip: 45%
2023-05-28T17:50:41.115Z [Modules] Streaming discord_utils@1 to /home/kbianco/.config/discord/0.0.27/modules/pending/discord_utils-1.zip: 46%
2023-05-28T17:50:41.118Z [Modules] Streaming discord_utils@1 to /home/kbianco/.config/discord/0.0.27/modules/pending/discord_utils-1.zip: 48%
2023-05-28T17:50:41.121Z [Modules] Streaming discord_utils@1 to /home/kbianco/.config/discord/0.0.27/modules/pending/discord_utils-1.zip: 49%
2023-05-28T17:50:41.123Z [Modules] Streaming discord_utils@1 to /home/kbianco/.config/discord/0.0.27/modules/pending/discord_utils-1.zip: 50%
2023-05-28T17:50:41.126Z [Modules] Streaming discord_utils@1 to /home/kbianco/.config/discord/0.0.27/modules/pending/discord_utils-1.zip: 52%
2023-05-28T17:50:41.130Z [Modules] Streaming discord_utils@1 to /home/kbianco/.config/discord/0.0.27/modules/pending/discord_utils-1.zip: 54%
2023-05-28T17:50:41.132Z [Modules] Streaming discord_utils@1 to /home/kbianco/.config/discord/0.0.27/modules/pending/discord_utils-1.zip: 56%
2023-05-28T17:50:41.136Z [Modules] Streaming discord_utils@1 to /home/kbianco/.config/discord/0.0.27/modules/pending/discord_utils-1.zip: 57%
2023-05-28T17:50:41.138Z [Modules] Streaming discord_utils@1 to /home/kbianco/.config/discord/0.0.27/modules/pending/discord_utils-1.zip: 59%
2023-05-28T17:50:41.140Z [Modules] Streaming discord_utils@1 to /home/kbianco/.config/discord/0.0.27/modules/pending/discord_utils-1.zip: 60%
2023-05-28T17:50:41.142Z [Modules] Streaming discord_utils@1 to /home/kbianco/.config/discord/0.0.27/modules/pending/discord_utils-1.zip: 62%
2023-05-28T17:50:41.144Z [Modules] Streaming discord_utils@1 to /home/kbianco/.config/discord/0.0.27/modules/pending/discord_utils-1.zip: 64%
2023-05-28T17:50:41.155Z [Modules] Streaming discord_utils@1 to /home/kbianco/.config/discord/0.0.27/modules/pending/discord_utils-1.zip: 66%
2023-05-28T17:50:41.161Z [Modules] Streaming discord_utils@1 to /home/kbianco/.config/discord/0.0.27/modules/pending/discord_utils-1.zip: 69%
2023-05-28T17:50:41.179Z [Modules] Streaming discord_utils@1 to /home/kbianco/.config/discord/0.0.27/modules/pending/discord_utils-1.zip: 71%
2023-05-28T17:50:41.182Z [Modules] Streaming discord_utils@1 to /home/kbianco/.config/discord/0.0.27/modules/pending/discord_utils-1.zip: 73%
2023-05-28T17:50:41.183Z [Modules] Streaming discord_utils@1 to /home/kbianco/.config/discord/0.0.27/modules/pending/discord_utils-1.zip: 74%
2023-05-28T17:50:41.184Z [Modules] Streaming discord_utils@1 to /home/kbianco/.config/discord/0.0.27/modules/pending/discord_utils-1.zip: 76%
2023-05-28T17:50:41.188Z [Modules] Streaming discord_utils@1 to /home/kbianco/.config/discord/0.0.27/modules/pending/discord_utils-1.zip: 78%
2023-05-28T17:50:41.193Z [Modules] Streaming discord_utils@1 to /home/kbianco/.config/discord/0.0.27/modules/pending/discord_utils-1.zip: 79%
2023-05-28T17:50:41.194Z [Modules] Streaming discord_utils@1 to /home/kbianco/.config/discord/0.0.27/modules/pending/discord_utils-1.zip: 82%
2023-05-28T17:50:41.199Z [Modules] Streaming discord_utils@1 to /home/kbianco/.config/discord/0.0.27/modules/pending/discord_utils-1.zip: 84%
2023-05-28T17:50:41.204Z [Modules] Streaming discord_utils@1 to /home/kbianco/.config/discord/0.0.27/modules/pending/discord_utils-1.zip: 86%
2023-05-28T17:50:41.205Z [Modules] Streaming discord_utils@1 to /home/kbianco/.config/discord/0.0.27/modules/pending/discord_utils-1.zip: 87%
2023-05-28T17:50:41.212Z [Modules] Streaming discord_utils@1 to /home/kbianco/.config/discord/0.0.27/modules/pending/discord_utils-1.zip: 90%
2023-05-28T17:50:41.216Z [Modules] Streaming discord_utils@1 to /home/kbianco/.config/discord/0.0.27/modules/pending/discord_utils-1.zip: 92%
2023-05-28T17:50:41.218Z [Modules] Streaming discord_utils@1 to /home/kbianco/.config/discord/0.0.27/modules/pending/discord_utils-1.zip: 94%
2023-05-28T17:50:41.225Z [Modules] Streaming discord_utils@1 to /home/kbianco/.config/discord/0.0.27/modules/pending/discord_utils-1.zip: 96%
2023-05-28T17:50:41.231Z [Modules] Streaming discord_utils@1 to /home/kbianco/.config/discord/0.0.27/modules/pending/discord_utils-1.zip: 98%
2023-05-28T17:50:41.233Z [Modules] Streaming discord_utils@1 to /home/kbianco/.config/discord/0.0.27/modules/pending/discord_utils-1.zip: 100%
2023-05-28T17:50:41.237Z [Modules] Fetching discord_voice@1 from https://discord.com/api/modules/stable/discord_voice/1
2023-05-28T17:50:41.237Z [Modules] Streaming discord_voice@1 to /home/kbianco/.config/discord/0.0.27/modules/pending/discord_voice-1.zip
2023-05-28T17:50:41.487Z [Modules] Streaming discord_voice@1 to /home/kbianco/.config/discord/0.0.27/modules/pending/discord_voice-1.zip: 1%
2023-05-28T17:50:41.499Z [Modules] Streaming discord_voice@1 to /home/kbianco/.config/discord/0.0.27/modules/pending/discord_voice-1.zip: 2%
2023-05-28T17:50:41.509Z [Modules] Streaming discord_voice@1 to /home/kbianco/.config/discord/0.0.27/modules/pending/discord_voice-1.zip: 3%
2023-05-28T17:50:41.527Z [Modules] Streaming discord_voice@1 to /home/kbianco/.config/discord/0.0.27/modules/pending/discord_voice-1.zip: 4%
2023-05-28T17:50:41.541Z [Modules] Streaming discord_voice@1 to /home/kbianco/.config/discord/0.0.27/modules/pending/discord_voice-1.zip: 5%
2023-05-28T17:50:41.551Z [Modules] Streaming discord_voice@1 to /home/kbianco/.config/discord/0.0.27/modules/pending/discord_voice-1.zip: 6%
2023-05-28T17:50:41.561Z [Modules] Streaming discord_voice@1 to /home/kbianco/.config/discord/0.0.27/modules/pending/discord_voice-1.zip: 7%
2023-05-28T17:50:41.577Z [Modules] Streaming discord_voice@1 to /home/kbianco/.config/discord/0.0.27/modules/pending/discord_voice-1.zip: 8%
2023-05-28T17:50:41.603Z [Modules] Streaming discord_voice@1 to /home/kbianco/.config/discord/0.0.27/modules/pending/discord_voice-1.zip: 9%
2023-05-28T17:50:41.621Z [Modules] Streaming discord_voice@1 to /home/kbianco/.config/discord/0.0.27/modules/pending/discord_voice-1.zip: 10%
2023-05-28T17:50:41.637Z [Modules] Streaming discord_voice@1 to /home/kbianco/.config/discord/0.0.27/modules/pending/discord_voice-1.zip: 11%
2023-05-28T17:50:41.644Z [Modules] Streaming discord_voice@1 to /home/kbianco/.config/discord/0.0.27/modules/pending/discord_voice-1.zip: 12%
2023-05-28T17:50:41.661Z [Modules] Streaming discord_voice@1 to /home/kbianco/.config/discord/0.0.27/modules/pending/discord_voice-1.zip: 13%
2023-05-28T17:50:41.675Z [Modules] Streaming discord_voice@1 to /home/kbianco/.config/discord/0.0.27/modules/pending/discord_voice-1.zip: 14%
2023-05-28T17:50:41.691Z [Modules] Streaming discord_voice@1 to /home/kbianco/.config/discord/0.0.27/modules/pending/discord_voice-1.zip: 15%
2023-05-28T17:50:41.703Z [Modules] Streaming discord_voice@1 to /home/kbianco/.config/discord/0.0.27/modules/pending/discord_voice-1.zip: 16%
2023-05-28T17:50:41.712Z [Modules] Streaming discord_voice@1 to /home/kbianco/.config/discord/0.0.27/modules/pending/discord_voice-1.zip: 17%
2023-05-28T17:50:41.763Z [Modules] Streaming discord_voice@1 to /home/kbianco/.config/discord/0.0.27/modules/pending/discord_voice-1.zip: 18%
2023-05-28T17:50:41.775Z [Modules] Streaming discord_voice@1 to /home/kbianco/.config/discord/0.0.27/modules/pending/discord_voice-1.zip: 19%
2023-05-28T17:50:41.795Z [Modules] Streaming discord_voice@1 to /home/kbianco/.config/discord/0.0.27/modules/pending/discord_voice-1.zip: 20%
2023-05-28T17:50:41.808Z [Modules] Streaming discord_voice@1 to /home/kbianco/.config/discord/0.0.27/modules/pending/discord_voice-1.zip: 21%
2023-05-28T17:50:41.829Z [Modules] Streaming discord_voice@1 to /home/kbianco/.config/discord/0.0.27/modules/pending/discord_voice-1.zip: 22%
2023-05-28T17:50:41.847Z [Modules] Streaming discord_voice@1 to /home/kbianco/.config/discord/0.0.27/modules/pending/discord_voice-1.zip: 23%
2023-05-28T17:50:41.860Z [Modules] Streaming discord_voice@1 to /home/kbianco/.config/discord/0.0.27/modules/pending/discord_voice-1.zip: 24%
2023-05-28T17:50:41.871Z [Modules] Streaming discord_voice@1 to /home/kbianco/.config/discord/0.0.27/modules/pending/discord_voice-1.zip: 25%
2023-05-28T17:50:41.891Z [Modules] Streaming discord_voice@1 to /home/kbianco/.config/discord/0.0.27/modules/pending/discord_voice-1.zip: 26%
2023-05-28T17:50:41.905Z [Modules] Streaming discord_voice@1 to /home/kbianco/.config/discord/0.0.27/modules/pending/discord_voice-1.zip: 27%
2023-05-28T17:50:41.919Z [Modules] Streaming discord_voice@1 to /home/kbianco/.config/discord/0.0.27/modules/pending/discord_voice-1.zip: 28%
2023-05-28T17:50:41.929Z [Modules] Streaming discord_voice@1 to /home/kbianco/.config/discord/0.0.27/modules/pending/discord_voice-1.zip: 29%
2023-05-28T17:50:41.947Z [Modules] Streaming discord_voice@1 to /home/kbianco/.config/discord/0.0.27/modules/pending/discord_voice-1.zip: 30%
2023-05-28T17:50:41.956Z [Modules] Streaming discord_voice@1 to /home/kbianco/.config/discord/0.0.27/modules/pending/discord_voice-1.zip: 31%
2023-05-28T17:50:41.971Z [Modules] Streaming discord_voice@1 to /home/kbianco/.config/discord/0.0.27/modules/pending/discord_voice-1.zip: 32%
2023-05-28T17:50:41.988Z [Modules] Streaming discord_voice@1 to /home/kbianco/.config/discord/0.0.27/modules/pending/discord_voice-1.zip: 33%
2023-05-28T17:50:42.010Z [Modules] Streaming discord_voice@1 to /home/kbianco/.config/discord/0.0.27/modules/pending/discord_voice-1.zip: 34%
2023-05-28T17:50:42.022Z [Modules] Streaming discord_voice@1 to /home/kbianco/.config/discord/0.0.27/modules/pending/discord_voice-1.zip: 35%
2023-05-28T17:50:42.037Z [Modules] Streaming discord_voice@1 to /home/kbianco/.config/discord/0.0.27/modules/pending/discord_voice-1.zip: 36%
2023-05-28T17:50:42.052Z [Modules] Streaming discord_voice@1 to /home/kbianco/.config/discord/0.0.27/modules/pending/discord_voice-1.zip: 37%
2023-05-28T17:50:42.079Z [Modules] Streaming discord_voice@1 to /home/kbianco/.config/discord/0.0.27/modules/pending/discord_voice-1.zip: 38%
2023-05-28T17:50:42.096Z [Modules] Streaming discord_voice@1 to /home/kbianco/.config/discord/0.0.27/modules/pending/discord_voice-1.zip: 39%
2023-05-28T17:50:42.111Z [Modules] Streaming discord_voice@1 to /home/kbianco/.config/discord/0.0.27/modules/pending/discord_voice-1.zip: 40%
2023-05-28T17:50:42.122Z [Modules] Streaming discord_voice@1 to /home/kbianco/.config/discord/0.0.27/modules/pending/discord_voice-1.zip: 41%
2023-05-28T17:50:42.138Z [Modules] Streaming discord_voice@1 to /home/kbianco/.config/discord/0.0.27/modules/pending/discord_voice-1.zip: 42%
2023-05-28T17:50:42.152Z [Modules] Streaming discord_voice@1 to /home/kbianco/.config/discord/0.0.27/modules/pending/discord_voice-1.zip: 43%
2023-05-28T17:50:42.164Z [Modules] Streaming discord_voice@1 to /home/kbianco/.config/discord/0.0.27/modules/pending/discord_voice-1.zip: 44%
2023-05-28T17:50:42.177Z [Modules] Streaming discord_voice@1 to /home/kbianco/.config/discord/0.0.27/modules/pending/discord_voice-1.zip: 45%
2023-05-28T17:50:42.192Z [Modules] Streaming discord_voice@1 to /home/kbianco/.config/discord/0.0.27/modules/pending/discord_voice-1.zip: 46%
2023-05-28T17:50:42.208Z [Modules] Streaming discord_voice@1 to /home/kbianco/.config/discord/0.0.27/modules/pending/discord_voice-1.zip: 47%
2023-05-28T17:50:42.221Z [Modules] Streaming discord_voice@1 to /home/kbianco/.config/discord/0.0.27/modules/pending/discord_voice-1.zip: 48%
2023-05-28T17:50:42.230Z [Modules] Streaming discord_voice@1 to /home/kbianco/.config/discord/0.0.27/modules/pending/discord_voice-1.zip: 49%
2023-05-28T17:50:42.244Z [Modules] Streaming discord_voice@1 to /home/kbianco/.config/discord/0.0.27/modules/pending/discord_voice-1.zip: 50%
2023-05-28T17:50:42.255Z [Modules] Streaming discord_voice@1 to /home/kbianco/.config/discord/0.0.27/modules/pending/discord_voice-1.zip: 51%
2023-05-28T17:50:42.267Z [Modules] Streaming discord_voice@1 to /home/kbianco/.config/discord/0.0.27/modules/pending/discord_voice-1.zip: 52%
2023-05-28T17:50:42.276Z [Modules] Streaming discord_voice@1 to /home/kbianco/.config/discord/0.0.27/modules/pending/discord_voice-1.zip: 53%
2023-05-28T17:50:42.296Z [Modules] Streaming discord_voice@1 to /home/kbianco/.config/discord/0.0.27/modules/pending/discord_voice-1.zip: 54%
2023-05-28T17:50:42.305Z [Modules] Streaming discord_voice@1 to /home/kbianco/.config/discord/0.0.27/modules/pending/discord_voice-1.zip: 55%
2023-05-28T17:50:42.323Z [Modules] Streaming discord_voice@1 to /home/kbianco/.config/discord/0.0.27/modules/pending/discord_voice-1.zip: 56%
2023-05-28T17:50:42.337Z [Modules] Streaming discord_voice@1 to /home/kbianco/.config/discord/0.0.27/modules/pending/discord_voice-1.zip: 57%
2023-05-28T17:50:42.347Z [Modules] Streaming discord_voice@1 to /home/kbianco/.config/discord/0.0.27/modules/pending/discord_voice-1.zip: 58%
2023-05-28T17:50:42.361Z [Modules] Streaming discord_voice@1 to /home/kbianco/.config/discord/0.0.27/modules/pending/discord_voice-1.zip: 59%
2023-05-28T17:50:42.377Z [Modules] Streaming discord_voice@1 to /home/kbianco/.config/discord/0.0.27/modules/pending/discord_voice-1.zip: 60%
2023-05-28T17:50:42.388Z [Modules] Streaming discord_voice@1 to /home/kbianco/.config/discord/0.0.27/modules/pending/discord_voice-1.zip: 61%
2023-05-28T17:50:42.405Z [Modules] Streaming discord_voice@1 to /home/kbianco/.config/discord/0.0.27/modules/pending/discord_voice-1.zip: 62%
2023-05-28T17:50:42.413Z [Modules] Streaming discord_voice@1 to /home/kbianco/.config/discord/0.0.27/modules/pending/discord_voice-1.zip: 63%
2023-05-28T17:50:42.426Z [Modules] Streaming discord_voice@1 to /home/kbianco/.config/discord/0.0.27/modules/pending/discord_voice-1.zip: 64%
2023-05-28T17:50:42.441Z [Modules] Streaming discord_voice@1 to /home/kbianco/.config/discord/0.0.27/modules/pending/discord_voice-1.zip: 65%
2023-05-28T17:50:42.453Z [Modules] Streaming discord_voice@1 to /home/kbianco/.config/discord/0.0.27/modules/pending/discord_voice-1.zip: 66%
2023-05-28T17:50:42.466Z [Modules] Streaming discord_voice@1 to /home/kbianco/.config/discord/0.0.27/modules/pending/discord_voice-1.zip: 67%
2023-05-28T17:50:42.479Z [Modules] Streaming discord_voice@1 to /home/kbianco/.config/discord/0.0.27/modules/pending/discord_voice-1.zip: 68%
2023-05-28T17:50:42.505Z [Modules] Streaming discord_voice@1 to /home/kbianco/.config/discord/0.0.27/modules/pending/discord_voice-1.zip: 69%
2023-05-28T17:50:42.515Z [Modules] Streaming discord_voice@1 to /home/kbianco/.config/discord/0.0.27/modules/pending/discord_voice-1.zip: 70%
2023-05-28T17:50:42.526Z [Modules] Streaming discord_voice@1 to /home/kbianco/.config/discord/0.0.27/modules/pending/discord_voice-1.zip: 71%
2023-05-28T17:50:42.542Z [Modules] Streaming discord_voice@1 to /home/kbianco/.config/discord/0.0.27/modules/pending/discord_voice-1.zip: 72%
2023-05-28T17:50:42.556Z [Modules] Streaming discord_voice@1 to /home/kbianco/.config/discord/0.0.27/modules/pending/discord_voice-1.zip: 73%
2023-05-28T17:50:42.562Z [Modules] Streaming discord_voice@1 to /home/kbianco/.config/discord/0.0.27/modules/pending/discord_voice-1.zip: 74%
2023-05-28T17:50:42.580Z [Modules] Streaming discord_voice@1 to /home/kbianco/.config/discord/0.0.27/modules/pending/discord_voice-1.zip: 75%
2023-05-28T17:50:42.598Z [Modules] Streaming discord_voice@1 to /home/kbianco/.config/discord/0.0.27/modules/pending/discord_voice-1.zip: 76%
2023-05-28T17:50:42.611Z [Modules] Streaming discord_voice@1 to /home/kbianco/.config/discord/0.0.27/modules/pending/discord_voice-1.zip: 77%
2023-05-28T17:50:42.622Z [Modules] Streaming discord_voice@1 to /home/kbianco/.config/discord/0.0.27/modules/pending/discord_voice-1.zip: 78%
2023-05-28T17:50:42.633Z [Modules] Streaming discord_voice@1 to /home/kbianco/.config/discord/0.0.27/modules/pending/discord_voice-1.zip: 79%
2023-05-28T17:50:42.644Z [Modules] Streaming discord_voice@1 to /home/kbianco/.config/discord/0.0.27/modules/pending/discord_voice-1.zip: 80%
2023-05-28T17:50:42.654Z [Modules] Streaming discord_voice@1 to /home/kbianco/.config/discord/0.0.27/modules/pending/discord_voice-1.zip: 81%
2023-05-28T17:50:42.670Z [Modules] Streaming discord_voice@1 to /home/kbianco/.config/discord/0.0.27/modules/pending/discord_voice-1.zip: 82%
2023-05-28T17:50:42.685Z [Modules] Streaming discord_voice@1 to /home/kbianco/.config/discord/0.0.27/modules/pending/discord_voice-1.zip: 83%
2023-05-28T17:50:42.699Z [Modules] Streaming discord_voice@1 to /home/kbianco/.config/discord/0.0.27/modules/pending/discord_voice-1.zip: 84%
2023-05-28T17:50:42.714Z [Modules] Streaming discord_voice@1 to /home/kbianco/.config/discord/0.0.27/modules/pending/discord_voice-1.zip: 85%
2023-05-28T17:50:42.724Z [Modules] Streaming discord_voice@1 to /home/kbianco/.config/discord/0.0.27/modules/pending/discord_voice-1.zip: 86%
2023-05-28T17:50:42.737Z [Modules] Streaming discord_voice@1 to /home/kbianco/.config/discord/0.0.27/modules/pending/discord_voice-1.zip: 87%
2023-05-28T17:50:42.753Z [Modules] Streaming discord_voice@1 to /home/kbianco/.config/discord/0.0.27/modules/pending/discord_voice-1.zip: 88%
2023-05-28T17:50:42.767Z [Modules] Streaming discord_voice@1 to /home/kbianco/.config/discord/0.0.27/modules/pending/discord_voice-1.zip: 89%
2023-05-28T17:50:42.772Z [Modules] Streaming discord_voice@1 to /home/kbianco/.config/discord/0.0.27/modules/pending/discord_voice-1.zip: 90%
2023-05-28T17:50:42.788Z [Modules] Streaming discord_voice@1 to /home/kbianco/.config/discord/0.0.27/modules/pending/discord_voice-1.zip: 91%
2023-05-28T17:50:42.798Z [Modules] Streaming discord_voice@1 to /home/kbianco/.config/discord/0.0.27/modules/pending/discord_voice-1.zip: 92%
2023-05-28T17:50:42.817Z [Modules] Streaming discord_voice@1 to /home/kbianco/.config/discord/0.0.27/modules/pending/discord_voice-1.zip: 93%
2023-05-28T17:50:42.829Z [Modules] Streaming discord_voice@1 to /home/kbianco/.config/discord/0.0.27/modules/pending/discord_voice-1.zip: 94%
2023-05-28T17:50:42.839Z [Modules] Streaming discord_voice@1 to /home/kbianco/.config/discord/0.0.27/modules/pending/discord_voice-1.zip: 95%
2023-05-28T17:50:42.919Z [Modules] Streaming discord_voice@1 to /home/kbianco/.config/discord/0.0.27/modules/pending/discord_voice-1.zip: 96%
2023-05-28T17:50:42.929Z [Modules] Streaming discord_voice@1 to /home/kbianco/.config/discord/0.0.27/modules/pending/discord_voice-1.zip: 97%
2023-05-28T17:50:42.938Z [Modules] Streaming discord_voice@1 to /home/kbianco/.config/discord/0.0.27/modules/pending/discord_voice-1.zip: 98%
2023-05-28T17:50:42.953Z [Modules] Streaming discord_voice@1 to /home/kbianco/.config/discord/0.0.27/modules/pending/discord_voice-1.zip: 99%
2023-05-28T17:50:42.965Z [Modules] Streaming discord_voice@1 to /home/kbianco/.config/discord/0.0.27/modules/pending/discord_voice-1.zip: 100%
2023-05-28T17:50:42.968Z [Modules] Finished module downloads. [success: 5] [failure: 0]
2023-05-28T17:50:42.968Z [Modules] Installing updates...
2023-05-28T17:50:42.969Z [Modules] Installing discord_desktop_core@1 from /home/kbianco/.config/discord/0.0.27/modules/pending/discord_desktop_core-1.zip
2023-05-28T17:50:43.081Z [Modules] Installing discord_erlpack@1 from /home/kbianco/.config/discord/0.0.27/modules/pending/discord_erlpack-1.zip
2023-05-28T17:50:43.191Z [Modules] Installing discord_spellcheck@1 from /home/kbianco/.config/discord/0.0.27/modules/pending/discord_spellcheck-1.zip
2023-05-28T17:50:44.416Z [Modules] Installing discord_utils@1 from /home/kbianco/.config/discord/0.0.27/modules/pending/discord_utils-1.zip
2023-05-28T17:50:45.137Z [Modules] Installing discord_voice@1 from /home/kbianco/.config/discord/0.0.27/modules/pending/discord_voice-1.zip
2023-05-28T17:50:46.294Z [Modules] Finished module installations. [success: 5] [failure: 0]
2023-05-28T17:50:46.295Z [Modules] Checking for host updates.
2023-05-28T17:50:46.415Z [Modules] Host is up to date.
2023-05-28T17:50:46.416Z [Modules] Checking for module updates at https://discord.com/api/modules/stable/versions.json
2023-05-28T17:50:46.423Z [Modules] No module updates available.
2023-05-28T17:50:49.307Z [Modules] Starting to install discord_krisp...
2023-05-28T17:50:49.307Z [Modules] Fetching discord_krisp@1 from https://discord.com/api/modules/stable/discord_krisp/1
2023-05-28T17:50:49.308Z [Modules] Streaming discord_krisp@1 to /home/kbianco/.config/discord/0.0.27/modules/pending/discord_krisp-1.zip
2023-05-28T17:50:49.559Z [Modules] Starting to install discord_game_utils...
2023-05-28T17:50:49.574Z [Modules] Streaming discord_krisp@1 to /home/kbianco/.config/discord/0.0.27/modules/pending/discord_krisp-1.zip: 1%
2023-05-28T17:50:49.590Z [Modules] Streaming discord_krisp@1 to /home/kbianco/.config/discord/0.0.27/modules/pending/discord_krisp-1.zip: 2%
2023-05-28T17:50:49.599Z [Modules] Streaming discord_krisp@1 to /home/kbianco/.config/discord/0.0.27/modules/pending/discord_krisp-1.zip: 3%
2023-05-28T17:50:49.615Z [Modules] Streaming discord_krisp@1 to /home/kbianco/.config/discord/0.0.27/modules/pending/discord_krisp-1.zip: 4%
2023-05-28T17:50:49.631Z [Modules] Streaming discord_krisp@1 to /home/kbianco/.config/discord/0.0.27/modules/pending/discord_krisp-1.zip: 5%
2023-05-28T17:50:49.644Z [Modules] Streaming discord_krisp@1 to /home/kbianco/.config/discord/0.0.27/modules/pending/discord_krisp-1.zip: 6%
2023-05-28T17:50:49.658Z [Modules] Streaming discord_krisp@1 to /home/kbianco/.config/discord/0.0.27/modules/pending/discord_krisp-1.zip: 7%
2023-05-28T17:50:49.678Z [Modules] Streaming discord_krisp@1 to /home/kbianco/.config/discord/0.0.27/modules/pending/discord_krisp-1.zip: 8%
2023-05-28T17:50:49.688Z [Modules] Streaming discord_krisp@1 to /home/kbianco/.config/discord/0.0.27/modules/pending/discord_krisp-1.zip: 9%
2023-05-28T17:50:49.696Z [Modules] Streaming discord_krisp@1 to /home/kbianco/.config/discord/0.0.27/modules/pending/discord_krisp-1.zip: 10%
2023-05-28T17:50:49.710Z [Modules] Streaming discord_krisp@1 to /home/kbianco/.config/discord/0.0.27/modules/pending/discord_krisp-1.zip: 11%
2023-05-28T17:50:49.731Z [Modules] Streaming discord_krisp@1 to /home/kbianco/.config/discord/0.0.27/modules/pending/discord_krisp-1.zip: 12%
2023-05-28T17:50:49.774Z [Modules] Streaming discord_krisp@1 to /home/kbianco/.config/discord/0.0.27/modules/pending/discord_krisp-1.zip: 13%
2023-05-28T17:50:49.786Z [Modules] Streaming discord_krisp@1 to /home/kbianco/.config/discord/0.0.27/modules/pending/discord_krisp-1.zip: 14%
2023-05-28T17:50:49.796Z [Modules] Streaming discord_krisp@1 to /home/kbianco/.config/discord/0.0.27/modules/pending/discord_krisp-1.zip: 15%
2023-05-28T17:50:49.805Z [Modules] Streaming discord_krisp@1 to /home/kbianco/.config/discord/0.0.27/modules/pending/discord_krisp-1.zip: 16%
2023-05-28T17:50:49.818Z [Modules] Streaming discord_krisp@1 to /home/kbianco/.config/discord/0.0.27/modules/pending/discord_krisp-1.zip: 17%
2023-05-28T17:50:49.834Z [Modules] Streaming discord_krisp@1 to /home/kbianco/.config/discord/0.0.27/modules/pending/discord_krisp-1.zip: 18%
2023-05-28T17:50:49.865Z [Modules] Streaming discord_krisp@1 to /home/kbianco/.config/discord/0.0.27/modules/pending/discord_krisp-1.zip: 19%
2023-05-28T17:50:49.886Z [Modules] Streaming discord_krisp@1 to /home/kbianco/.config/discord/0.0.27/modules/pending/discord_krisp-1.zip: 20%
2023-05-28T17:50:49.908Z [Modules] Streaming discord_krisp@1 to /home/kbianco/.config/discord/0.0.27/modules/pending/discord_krisp-1.zip: 21%
2023-05-28T17:50:49.909Z [Modules] Streaming discord_krisp@1 to /home/kbianco/.config/discord/0.0.27/modules/pending/discord_krisp-1.zip: 22%
2023-05-28T17:50:49.924Z [Modules] Streaming discord_krisp@1 to /home/kbianco/.config/discord/0.0.27/modules/pending/discord_krisp-1.zip: 23%
2023-05-28T17:50:49.940Z [Modules] Streaming discord_krisp@1 to /home/kbianco/.config/discord/0.0.27/modules/pending/discord_krisp-1.zip: 24%
2023-05-28T17:50:49.953Z [Modules] Streaming discord_krisp@1 to /home/kbianco/.config/discord/0.0.27/modules/pending/discord_krisp-1.zip: 25%
2023-05-28T17:50:49.984Z [Modules] Streaming discord_krisp@1 to /home/kbianco/.config/discord/0.0.27/modules/pending/discord_krisp-1.zip: 26%
2023-05-28T17:50:49.990Z [Modules] Streaming discord_krisp@1 to /home/kbianco/.config/discord/0.0.27/modules/pending/discord_krisp-1.zip: 27%
2023-05-28T17:50:49.995Z [Modules] Streaming discord_krisp@1 to /home/kbianco/.config/discord/0.0.27/modules/pending/discord_krisp-1.zip: 28%
2023-05-28T17:50:50.007Z [Modules] Streaming discord_krisp@1 to /home/kbianco/.config/discord/0.0.27/modules/pending/discord_krisp-1.zip: 29%
2023-05-28T17:50:50.024Z [Modules] Streaming discord_krisp@1 to /home/kbianco/.config/discord/0.0.27/modules/pending/discord_krisp-1.zip: 30%
2023-05-28T17:50:50.034Z [Modules] Streaming discord_krisp@1 to /home/kbianco/.config/discord/0.0.27/modules/pending/discord_krisp-1.zip: 31%
2023-05-28T17:50:50.045Z [Modules] Streaming discord_krisp@1 to /home/kbianco/.config/discord/0.0.27/modules/pending/discord_krisp-1.zip: 32%
2023-05-28T17:50:50.065Z [Modules] Streaming discord_krisp@1 to /home/kbianco/.config/discord/0.0.27/modules/pending/discord_krisp-1.zip: 33%
2023-05-28T17:50:50.222Z [Modules] Streaming discord_krisp@1 to /home/kbianco/.config/discord/0.0.27/modules/pending/discord_krisp-1.zip: 34%
2023-05-28T17:50:50.240Z [Modules] Streaming discord_krisp@1 to /home/kbianco/.config/discord/0.0.27/modules/pending/discord_krisp-1.zip: 35%
2023-05-28T17:50:50.249Z [Modules] Streaming discord_krisp@1 to /home/kbianco/.config/discord/0.0.27/modules/pending/discord_krisp-1.zip: 36%
2023-05-28T17:50:50.253Z [Modules] Streaming discord_krisp@1 to /home/kbianco/.config/discord/0.0.27/modules/pending/discord_krisp-1.zip: 37%
2023-05-28T17:50:50.262Z [Modules] Streaming discord_krisp@1 to /home/kbianco/.config/discord/0.0.27/modules/pending/discord_krisp-1.zip: 38%
2023-05-28T17:50:50.272Z [Modules] Streaming discord_krisp@1 to /home/kbianco/.config/discord/0.0.27/modules/pending/discord_krisp-1.zip: 39%
2023-05-28T17:50:50.275Z [Modules] Streaming discord_krisp@1 to /home/kbianco/.config/discord/0.0.27/modules/pending/discord_krisp-1.zip: 40%
2023-05-28T17:50:50.276Z [Modules] Streaming discord_krisp@1 to /home/kbianco/.config/discord/0.0.27/modules/pending/discord_krisp-1.zip: 41%
2023-05-28T17:50:50.277Z [Modules] Streaming discord_krisp@1 to /home/kbianco/.config/discord/0.0.27/modules/pending/discord_krisp-1.zip: 42%
2023-05-28T17:50:50.277Z [Modules] Streaming discord_krisp@1 to /home/kbianco/.config/discord/0.0.27/modules/pending/discord_krisp-1.zip: 43%
2023-05-28T17:50:50.278Z [Modules] Streaming discord_krisp@1 to /home/kbianco/.config/discord/0.0.27/modules/pending/discord_krisp-1.zip: 44%
2023-05-28T17:50:50.279Z [Modules] Streaming discord_krisp@1 to /home/kbianco/.config/discord/0.0.27/modules/pending/discord_krisp-1.zip: 45%
2023-05-28T17:50:50.279Z [Modules] Streaming discord_krisp@1 to /home/kbianco/.config/discord/0.0.27/modules/pending/discord_krisp-1.zip: 46%
2023-05-28T17:50:50.308Z [Modules] Streaming discord_krisp@1 to /home/kbianco/.config/discord/0.0.27/modules/pending/discord_krisp-1.zip: 47%
2023-05-28T17:50:50.342Z [Modules] Streaming discord_krisp@1 to /home/kbianco/.config/discord/0.0.27/modules/pending/discord_krisp-1.zip: 48%
2023-05-28T17:50:50.356Z [Modules] Streaming discord_krisp@1 to /home/kbianco/.config/discord/0.0.27/modules/pending/discord_krisp-1.zip: 49%
2023-05-28T17:50:50.377Z [Modules] Streaming discord_krisp@1 to /home/kbianco/.config/discord/0.0.27/modules/pending/discord_krisp-1.zip: 50%
2023-05-28T17:50:50.397Z [Modules] Streaming discord_krisp@1 to /home/kbianco/.config/discord/0.0.27/modules/pending/discord_krisp-1.zip: 51%
2023-05-28T17:50:50.408Z [Modules] Streaming discord_krisp@1 to /home/kbianco/.config/discord/0.0.27/modules/pending/discord_krisp-1.zip: 52%
2023-05-28T17:50:50.418Z [Modules] Streaming discord_krisp@1 to /home/kbianco/.config/discord/0.0.27/modules/pending/discord_krisp-1.zip: 53%
2023-05-28T17:50:50.426Z [Modules] Streaming discord_krisp@1 to /home/kbianco/.config/discord/0.0.27/modules/pending/discord_krisp-1.zip: 54%
2023-05-28T17:50:50.439Z [Modules] Streaming discord_krisp@1 to /home/kbianco/.config/discord/0.0.27/modules/pending/discord_krisp-1.zip: 55%
2023-05-28T17:50:50.456Z [Modules] Streaming discord_krisp@1 to /home/kbianco/.config/discord/0.0.27/modules/pending/discord_krisp-1.zip: 56%
2023-05-28T17:50:50.468Z [Modules] Streaming discord_krisp@1 to /home/kbianco/.config/discord/0.0.27/modules/pending/discord_krisp-1.zip: 57%
2023-05-28T17:50:50.480Z [Modules] Streaming discord_krisp@1 to /home/kbianco/.config/discord/0.0.27/modules/pending/discord_krisp-1.zip: 58%
2023-05-28T17:50:50.496Z [Modules] Streaming discord_krisp@1 to /home/kbianco/.config/discord/0.0.27/modules/pending/discord_krisp-1.zip: 59%
2023-05-28T17:50:50.510Z [Modules] Streaming discord_krisp@1 to /home/kbianco/.config/discord/0.0.27/modules/pending/discord_krisp-1.zip: 60%
2023-05-28T17:50:50.520Z [Modules] Streaming discord_krisp@1 to /home/kbianco/.config/discord/0.0.27/modules/pending/discord_krisp-1.zip: 61%
2023-05-28T17:50:50.532Z [Modules] Streaming discord_krisp@1 to /home/kbianco/.config/discord/0.0.27/modules/pending/discord_krisp-1.zip: 62%
2023-05-28T17:50:50.541Z [Modules] Streaming discord_krisp@1 to /home/kbianco/.config/discord/0.0.27/modules/pending/discord_krisp-1.zip: 63%
2023-05-28T17:50:50.559Z [Modules] Streaming discord_krisp@1 to /home/kbianco/.config/discord/0.0.27/modules/pending/discord_krisp-1.zip: 64%
2023-05-28T17:50:50.563Z [Modules] Streaming discord_krisp@1 to /home/kbianco/.config/discord/0.0.27/modules/pending/discord_krisp-1.zip: 65%
2023-05-28T17:50:50.577Z [Modules] Streaming discord_krisp@1 to /home/kbianco/.config/discord/0.0.27/modules/pending/discord_krisp-1.zip: 66%
2023-05-28T17:50:50.598Z [Modules] Streaming discord_krisp@1 to /home/kbianco/.config/discord/0.0.27/modules/pending/discord_krisp-1.zip: 67%
2023-05-28T17:50:50.610Z [Modules] Streaming discord_krisp@1 to /home/kbianco/.config/discord/0.0.27/modules/pending/discord_krisp-1.zip: 68%
2023-05-28T17:50:50.621Z [Modules] Streaming discord_krisp@1 to /home/kbianco/.config/discord/0.0.27/modules/pending/discord_krisp-1.zip: 69%
2023-05-28T17:50:50.635Z [Modules] Streaming discord_krisp@1 to /home/kbianco/.config/discord/0.0.27/modules/pending/discord_krisp-1.zip: 70%
2023-05-28T17:50:50.644Z [Modules] Streaming discord_krisp@1 to /home/kbianco/.config/discord/0.0.27/modules/pending/discord_krisp-1.zip: 71%
2023-05-28T17:50:50.657Z [Modules] Streaming discord_krisp@1 to /home/kbianco/.config/discord/0.0.27/modules/pending/discord_krisp-1.zip: 72%
2023-05-28T17:50:50.672Z [Modules] Streaming discord_krisp@1 to /home/kbianco/.config/discord/0.0.27/modules/pending/discord_krisp-1.zip: 73%
2023-05-28T17:50:50.715Z [Modules] Streaming discord_krisp@1 to /home/kbianco/.config/discord/0.0.27/modules/pending/discord_krisp-1.zip: 74%
2023-05-28T17:50:50.722Z [Modules] Streaming discord_krisp@1 to /home/kbianco/.config/discord/0.0.27/modules/pending/discord_krisp-1.zip: 75%
2023-05-28T17:50:50.722Z [Modules] Streaming discord_krisp@1 to /home/kbianco/.config/discord/0.0.27/modules/pending/discord_krisp-1.zip: 76%
2023-05-28T17:50:50.735Z [Modules] Streaming discord_krisp@1 to /home/kbianco/.config/discord/0.0.27/modules/pending/discord_krisp-1.zip: 77%
2023-05-28T17:50:50.747Z [Modules] Streaming discord_krisp@1 to /home/kbianco/.config/discord/0.0.27/modules/pending/discord_krisp-1.zip: 78%
2023-05-28T17:50:50.758Z [Modules] Streaming discord_krisp@1 to /home/kbianco/.config/discord/0.0.27/modules/pending/discord_krisp-1.zip: 79%
2023-05-28T17:50:50.773Z [Modules] Streaming discord_krisp@1 to /home/kbianco/.config/discord/0.0.27/modules/pending/discord_krisp-1.zip: 80%
2023-05-28T17:50:50.799Z [Modules] Streaming discord_krisp@1 to /home/kbianco/.config/discord/0.0.27/modules/pending/discord_krisp-1.zip: 81%
2023-05-28T17:50:50.811Z [Modules] Streaming discord_krisp@1 to /home/kbianco/.config/discord/0.0.27/modules/pending/discord_krisp-1.zip: 82%
2023-05-28T17:50:50.824Z [Modules] Streaming discord_krisp@1 to /home/kbianco/.config/discord/0.0.27/modules/pending/discord_krisp-1.zip: 83%
2023-05-28T17:50:50.839Z [Modules] Streaming discord_krisp@1 to /home/kbianco/.config/discord/0.0.27/modules/pending/discord_krisp-1.zip: 84%
2023-05-28T17:50:50.854Z [Modules] Streaming discord_krisp@1 to /home/kbianco/.config/discord/0.0.27/modules/pending/discord_krisp-1.zip: 85%
2023-05-28T17:50:50.867Z [Modules] Streaming discord_krisp@1 to /home/kbianco/.config/discord/0.0.27/modules/pending/discord_krisp-1.zip: 86%
2023-05-28T17:50:50.879Z [Modules] Streaming discord_krisp@1 to /home/kbianco/.config/discord/0.0.27/modules/pending/discord_krisp-1.zip: 87%
2023-05-28T17:50:50.905Z [Modules] Streaming discord_krisp@1 to /home/kbianco/.config/discord/0.0.27/modules/pending/discord_krisp-1.zip: 88%
2023-05-28T17:50:50.921Z [Modules] Streaming discord_krisp@1 to /home/kbianco/.config/discord/0.0.27/modules/pending/discord_krisp-1.zip: 89%
2023-05-28T17:50:50.957Z [Modules] Streaming discord_krisp@1 to /home/kbianco/.config/discord/0.0.27/modules/pending/discord_krisp-1.zip: 90%
2023-05-28T17:50:50.975Z [Modules] Streaming discord_krisp@1 to /home/kbianco/.config/discord/0.0.27/modules/pending/discord_krisp-1.zip: 91%
2023-05-28T17:50:50.988Z [Modules] Streaming discord_krisp@1 to /home/kbianco/.config/discord/0.0.27/modules/pending/discord_krisp-1.zip: 92%
2023-05-28T17:50:51.004Z [Modules] Streaming discord_krisp@1 to /home/kbianco/.config/discord/0.0.27/modules/pending/discord_krisp-1.zip: 93%
2023-05-28T17:50:51.026Z [Modules] Streaming discord_krisp@1 to /home/kbianco/.config/discord/0.0.27/modules/pending/discord_krisp-1.zip: 94%
2023-05-28T17:50:51.053Z [Modules] Streaming discord_krisp@1 to /home/kbianco/.config/discord/0.0.27/modules/pending/discord_krisp-1.zip: 95%
2023-05-28T17:50:51.057Z [Modules] Streaming discord_krisp@1 to /home/kbianco/.config/discord/0.0.27/modules/pending/discord_krisp-1.zip: 96%
2023-05-28T17:50:51.064Z [Modules] Streaming discord_krisp@1 to /home/kbianco/.config/discord/0.0.27/modules/pending/discord_krisp-1.zip: 97%
2023-05-28T17:50:51.074Z [Modules] Streaming discord_krisp@1 to /home/kbianco/.config/discord/0.0.27/modules/pending/discord_krisp-1.zip: 98%
2023-05-28T17:50:51.104Z [Modules] Streaming discord_krisp@1 to /home/kbianco/.config/discord/0.0.27/modules/pending/discord_krisp-1.zip: 99%
2023-05-28T17:50:51.117Z [Modules] Streaming discord_krisp@1 to /home/kbianco/.config/discord/0.0.27/modules/pending/discord_krisp-1.zip: 100%
2023-05-28T17:50:51.128Z [Modules] Fetching discord_game_utils@1 from https://discord.com/api/modules/stable/discord_game_utils/1
2023-05-28T17:50:51.129Z [Modules] Streaming discord_game_utils@1 to /home/kbianco/.config/discord/0.0.27/modules/pending/discord_game_utils-1.zip
2023-05-28T17:50:51.129Z [Modules] Installing discord_krisp@1 from /home/kbianco/.config/discord/0.0.27/modules/pending/discord_krisp-1.zip
2023-05-28T17:50:51.369Z [Modules] Streaming discord_game_utils@1 to /home/kbianco/.config/discord/0.0.27/modules/pending/discord_game_utils-1.zip: 2%
2023-05-28T17:50:51.370Z [Modules] Streaming discord_game_utils@1 to /home/kbianco/.config/discord/0.0.27/modules/pending/discord_game_utils-1.zip: 4%
2023-05-28T17:50:51.372Z [Modules] Streaming discord_game_utils@1 to /home/kbianco/.config/discord/0.0.27/modules/pending/discord_game_utils-1.zip: 7%
2023-05-28T17:50:51.377Z [Modules] Streaming discord_game_utils@1 to /home/kbianco/.config/discord/0.0.27/modules/pending/discord_game_utils-1.zip: 9%
2023-05-28T17:50:51.382Z [Modules] Streaming discord_game_utils@1 to /home/kbianco/.config/discord/0.0.27/modules/pending/discord_game_utils-1.zip: 12%
2023-05-28T17:50:51.385Z [Modules] Streaming discord_game_utils@1 to /home/kbianco/.config/discord/0.0.27/modules/pending/discord_game_utils-1.zip: 14%
2023-05-28T17:50:51.388Z [Modules] Streaming discord_game_utils@1 to /home/kbianco/.config/discord/0.0.27/modules/pending/discord_game_utils-1.zip: 15%
2023-05-28T17:50:51.390Z [Modules] Streaming discord_game_utils@1 to /home/kbianco/.config/discord/0.0.27/modules/pending/discord_game_utils-1.zip: 17%
2023-05-28T17:50:51.396Z [Modules] Streaming discord_game_utils@1 to /home/kbianco/.config/discord/0.0.27/modules/pending/discord_game_utils-1.zip: 19%
2023-05-28T17:50:51.404Z [Modules] Streaming discord_game_utils@1 to /home/kbianco/.config/discord/0.0.27/modules/pending/discord_game_utils-1.zip: 22%
2023-05-28T17:50:51.404Z [Modules] Streaming discord_game_utils@1 to /home/kbianco/.config/discord/0.0.27/modules/pending/discord_game_utils-1.zip: 23%
2023-05-28T17:50:51.407Z [Modules] Streaming discord_game_utils@1 to /home/kbianco/.config/discord/0.0.27/modules/pending/discord_game_utils-1.zip: 24%
2023-05-28T17:50:51.413Z [Modules] Streaming discord_game_utils@1 to /home/kbianco/.config/discord/0.0.27/modules/pending/discord_game_utils-1.zip: 25%
2023-05-28T17:50:51.414Z [Modules] Streaming discord_game_utils@1 to /home/kbianco/.config/discord/0.0.27/modules/pending/discord_game_utils-1.zip: 27%
2023-05-28T17:50:51.417Z [Modules] Streaming discord_game_utils@1 to /home/kbianco/.config/discord/0.0.27/modules/pending/discord_game_utils-1.zip: 30%
2023-05-28T17:50:51.422Z [Modules] Streaming discord_game_utils@1 to /home/kbianco/.config/discord/0.0.27/modules/pending/discord_game_utils-1.zip: 32%
2023-05-28T17:50:51.423Z [Modules] Streaming discord_game_utils@1 to /home/kbianco/.config/discord/0.0.27/modules/pending/discord_game_utils-1.zip: 35%
2023-05-28T17:50:51.431Z [Modules] Streaming discord_game_utils@1 to /home/kbianco/.config/discord/0.0.27/modules/pending/discord_game_utils-1.zip: 37%
2023-05-28T17:50:51.434Z [Modules] Streaming discord_game_utils@1 to /home/kbianco/.config/discord/0.0.27/modules/pending/discord_game_utils-1.zip: 39%
2023-05-28T17:50:51.435Z [Modules] Streaming discord_game_utils@1 to /home/kbianco/.config/discord/0.0.27/modules/pending/discord_game_utils-1.zip: 42%
2023-05-28T17:50:51.438Z [Modules] Streaming discord_game_utils@1 to /home/kbianco/.config/discord/0.0.27/modules/pending/discord_game_utils-1.zip: 44%
2023-05-28T17:50:51.440Z [Modules] Streaming discord_game_utils@1 to /home/kbianco/.config/discord/0.0.27/modules/pending/discord_game_utils-1.zip: 46%
2023-05-28T17:50:51.444Z [Modules] Streaming discord_game_utils@1 to /home/kbianco/.config/discord/0.0.27/modules/pending/discord_game_utils-1.zip: 48%
2023-05-28T17:50:51.451Z [Modules] Streaming discord_game_utils@1 to /home/kbianco/.config/discord/0.0.27/modules/pending/discord_game_utils-1.zip: 52%
2023-05-28T17:50:51.454Z [Modules] Streaming discord_game_utils@1 to /home/kbianco/.config/discord/0.0.27/modules/pending/discord_game_utils-1.zip: 54%
2023-05-28T17:50:51.456Z [Modules] Streaming discord_game_utils@1 to /home/kbianco/.config/discord/0.0.27/modules/pending/discord_game_utils-1.zip: 57%
2023-05-28T17:50:51.456Z [Modules] Streaming discord_game_utils@1 to /home/kbianco/.config/discord/0.0.27/modules/pending/discord_game_utils-1.zip: 58%
2023-05-28T17:50:51.459Z [Modules] Streaming discord_game_utils@1 to /home/kbianco/.config/discord/0.0.27/modules/pending/discord_game_utils-1.zip: 60%
2023-05-28T17:50:51.465Z [Modules] Streaming discord_game_utils@1 to /home/kbianco/.config/discord/0.0.27/modules/pending/discord_game_utils-1.zip: 63%
2023-05-28T17:50:51.470Z [Modules] Streaming discord_game_utils@1 to /home/kbianco/.config/discord/0.0.27/modules/pending/discord_game_utils-1.zip: 64%
2023-05-28T17:50:51.472Z [Modules] Streaming discord_game_utils@1 to /home/kbianco/.config/discord/0.0.27/modules/pending/discord_game_utils-1.zip: 67%
2023-05-28T17:50:51.472Z [Modules] Streaming discord_game_utils@1 to /home/kbianco/.config/discord/0.0.27/modules/pending/discord_game_utils-1.zip: 68%
2023-05-28T17:50:51.475Z [Modules] Streaming discord_game_utils@1 to /home/kbianco/.config/discord/0.0.27/modules/pending/discord_game_utils-1.zip: 70%
2023-05-28T17:50:51.491Z [Modules] Streaming discord_game_utils@1 to /home/kbianco/.config/discord/0.0.27/modules/pending/discord_game_utils-1.zip: 82%
2023-05-28T17:50:51.493Z [Modules] Streaming discord_game_utils@1 to /home/kbianco/.config/discord/0.0.27/modules/pending/discord_game_utils-1.zip: 84%
2023-05-28T17:50:51.496Z [Modules] Streaming discord_game_utils@1 to /home/kbianco/.config/discord/0.0.27/modules/pending/discord_game_utils-1.zip: 86%
2023-05-28T17:50:51.501Z [Modules] Streaming discord_game_utils@1 to /home/kbianco/.config/discord/0.0.27/modules/pending/discord_game_utils-1.zip: 87%
2023-05-28T17:50:51.503Z [Modules] Streaming discord_game_utils@1 to /home/kbianco/.config/discord/0.0.27/modules/pending/discord_game_utils-1.zip: 90%
2023-05-28T17:50:51.510Z [Modules] Streaming discord_game_utils@1 to /home/kbianco/.config/discord/0.0.27/modules/pending/discord_game_utils-1.zip: 93%
2023-05-28T17:50:51.515Z [Modules] Streaming discord_game_utils@1 to /home/kbianco/.config/discord/0.0.27/modules/pending/discord_game_utils-1.zip: 94%
2023-05-28T17:50:51.517Z [Modules] Streaming discord_game_utils@1 to /home/kbianco/.config/discord/0.0.27/modules/pending/discord_game_utils-1.zip: 95%
2023-05-28T17:50:51.519Z [Modules] Streaming discord_game_utils@1 to /home/kbianco/.config/discord/0.0.27/modules/pending/discord_game_utils-1.zip: 98%
2023-05-28T17:50:51.520Z [Modules] Streaming discord_game_utils@1 to /home/kbianco/.config/discord/0.0.27/modules/pending/discord_game_utils-1.zip: 100%
2023-05-28T17:50:51.522Z [Modules] Finished module downloads. [success: 2] [failure: 0]
2023-05-28T17:50:51.601Z [Modules] Checking for host updates.
2023-05-28T17:50:51.830Z [Modules] Host is up to date.
2023-05-28T17:50:51.831Z [Modules] Checking for module updates at https://discord.com/api/modules/stable/versions.json
2023-05-28T17:50:51.838Z [Modules] No module updates available.
2023-05-28T17:50:52.009Z [Modules] Installing discord_game_utils@1 from /home/kbianco/.config/discord/0.0.27/modules/pending/discord_game_utils-1.zip
2023-05-28T17:50:52.136Z [Modules] Finished module installations. [success: 2] [failure: 0]
2023-05-28T17:50:52.180Z [Modules] Starting to install discord_rpc...
2023-05-28T17:50:52.181Z [Modules] Fetching discord_rpc@1 from https://discord.com/api/modules/stable/discord_rpc/1
2023-05-28T17:50:52.182Z [Modules] Streaming discord_rpc@1 to /home/kbianco/.config/discord/0.0.27/modules/pending/discord_rpc-1.zip
2023-05-28T17:50:52.411Z [Modules] Streaming discord_rpc@1 to /home/kbianco/.config/discord/0.0.27/modules/pending/discord_rpc-1.zip: 100%
2023-05-28T17:50:52.413Z [Modules] Finished module downloads. [success: 1] [failure: 0]
2023-05-28T17:50:52.413Z [Modules] Installing discord_rpc@1 from /home/kbianco/.config/discord/0.0.27/modules/pending/discord_rpc-1.zip
2023-05-28T17:50:52.440Z [Modules] Finished module installations. [success: 1] [failure: 0]
2023-05-28T18:50:51.597Z [Modules] Checking for host updates.
2023-05-28T18:50:51.758Z [Modules] Host is up to date.
2023-05-28T18:50:51.758Z [Modules] Checking for module updates at https://discord.com/api/modules/stable/versions.json
2023-05-28T18:50:51.796Z [Modules] No module updates available.
2023-05-28T19:50:51.597Z [Modules] Checking for host updates.
2023-05-28T19:50:51.757Z [Modules] Host is up to date.
2023-05-28T19:50:51.758Z [Modules] Checking for module updates at https://discord.com/api/modules/stable/versions.json
2023-05-28T19:50:51.797Z [Modules] No module updates available.
2023-06-04T07:01:33.810Z [Modules] Modules initializing
2023-06-04T07:01:33.814Z [Modules] Distribution: remote
2023-06-04T07:01:33.815Z [Modules] Host updates: enabled
2023-06-04T07:01:33.815Z [Modules] Module updates: enabled
2023-06-04T07:01:33.816Z [Modules] Module install path: /home/kbianco/.config/discord/0.0.27/modules
2023-06-04T07:01:33.816Z [Modules] Module installed file path: /home/kbianco/.config/discord/0.0.27/modules/installed.json
2023-06-04T07:01:33.816Z [Modules] Module download path: /home/kbianco/.config/discord/0.0.27/modules/pending
2023-06-04T07:01:34.321Z [Modules] No updates to install
2023-06-04T07:01:34.323Z [Modules] Checking for host updates.
2023-06-04T07:01:34.609Z [Modules] Host is up to date.
2023-06-04T07:01:34.609Z [Modules] Checking for module updates at https://discord.com/api/modules/stable/versions.json
2023-06-04T07:01:34.702Z [Modules] No module updates available.
2023-06-04T07:01:42.149Z [Modules] Checking for host updates.
2023-06-04T07:01:42.281Z [Modules] Host is up to date.
2023-06-04T07:01:42.281Z [Modules] Checking for module updates at https://discord.com/api/modules/stable/versions.json
2023-06-04T07:01:42.287Z [Modules] No module updates available.
2023-06-04T07:03:47.074Z [Modules] Modules initializing
2023-06-04T07:03:47.075Z [Modules] Distribution: remote
2023-06-04T07:03:47.075Z [Modules] Host updates: enabled
2023-06-04T07:03:47.075Z [Modules] Module updates: enabled
2023-06-04T07:03:47.076Z [Modules] Module install path: /home/kbianco/.config/discord/0.0.27/modules
2023-06-04T07:03:47.076Z [Modules] Module installed file path: /home/kbianco/.config/discord/0.0.27/modules/installed.json
2023-06-04T07:03:47.077Z [Modules] Module download path: /home/kbianco/.config/discord/0.0.27/modules/pending
2023-06-04T07:03:47.408Z [Modules] No updates to install
2023-06-04T07:03:47.410Z [Modules] Checking for host updates.
2023-06-04T07:03:47.687Z [Modules] Host is up to date.
2023-06-04T07:03:47.688Z [Modules] Checking for module updates at https://discord.com/api/modules/stable/versions.json
2023-06-04T07:03:47.703Z [Modules] No module updates available.
2023-06-04T07:03:53.694Z [Modules] Checking for host updates.
2023-06-04T07:03:53.822Z [Modules] Host is up to date.
2023-06-04T07:03:53.822Z [Modules] Checking for module updates at https://discord.com/api/modules/stable/versions.json
2023-06-04T07:03:53.830Z [Modules] No module updates available.
2023-06-04T07:04:56.122Z [Modules] Modules initializing
2023-06-04T07:04:56.122Z [Modules] Distribution: remote
2023-06-04T07:04:56.123Z [Modules] Host updates: enabled
2023-06-04T07:04:56.123Z [Modules] Module updates: enabled
2023-06-04T07:04:56.123Z [Modules] Module install path: /home/kbianco/.config/discord/0.0.27/modules
2023-06-04T07:04:56.123Z [Modules] Module installed file path: /home/kbianco/.config/discord/0.0.27/modules/installed.json
2023-06-04T07:04:56.124Z [Modules] Module download path: /home/kbianco/.config/discord/0.0.27/modules/pending
2023-06-04T07:04:56.485Z [Modules] No updates to install
2023-06-04T07:04:56.487Z [Modules] Checking for host updates.
2023-06-04T07:04:56.773Z [Modules] Host is up to date.
2023-06-04T07:04:56.774Z [Modules] Checking for module updates at https://discord.com/api/modules/stable/versions.json
2023-06-04T07:04:56.781Z [Modules] No module updates available.
2023-06-04T07:05:01.201Z [Modules] Checking for host updates.
2023-06-04T07:05:01.316Z [Modules] Host is up to date.
2023-06-04T07:05:01.317Z [Modules] Checking for module updates at https://discord.com/api/modules/stable/versions.json
2023-06-04T07:05:01.367Z [Modules] No module updates available.
2023-06-04T07:05:47.043Z [Modules] Modules initializing
2023-06-04T07:05:47.044Z [Modules] Distribution: remote
2023-06-04T07:05:47.044Z [Modules] Host updates: enabled
2023-06-04T07:05:47.045Z [Modules] Module updates: enabled
2023-06-04T07:05:47.046Z [Modules] Module install path: /home/kbianco/.config/discord/0.0.27/modules
2023-06-04T07:05:47.046Z [Modules] Module installed file path: /home/kbianco/.config/discord/0.0.27/modules/installed.json
2023-06-04T07:05:47.047Z [Modules] Module download path: /home/kbianco/.config/discord/0.0.27/modules/pending
2023-06-04T07:05:47.329Z [Modules] No updates to install
2023-06-04T07:05:47.331Z [Modules] Checking for host updates.
2023-06-04T07:05:47.599Z [Modules] Host is up to date.
2023-06-04T07:05:47.600Z [Modules] Checking for module updates at https://discord.com/api/modules/stable/versions.json
2023-06-04T07:05:47.612Z [Modules] No module updates available.
2023-06-04T07:05:51.970Z [Modules] Checking for host updates.
2023-06-04T07:05:52.101Z [Modules] Host is up to date.
2023-06-04T07:05:52.101Z [Modules] Checking for module updates at https://discord.com/api/modules/stable/versions.json
2023-06-04T07:05:52.109Z [Modules] No module updates available.
2023-06-04T17:31:53.318Z [Modules] Checking for host updates.
2023-06-04T17:31:53.481Z [Modules] Host is up to date.
2023-06-04T17:31:53.481Z [Modules] Checking for module updates at https://discord.com/api/modules/stable/versions.json
2023-06-04T17:31:53.532Z [Modules] No module updates available.
